  {
    "_index": "wazuh-alerts-4.x-2025.09.11",
    "_id": "7UfCOZkBIDwfn7_zQqlH",
    "_score": null,
    "_source": {
      "input": {
        "type": "log"
      },
      "agent": {
        "ip": "192.168.1.101",
        "name": "DESKTOP-MDNNEJF",
        "id": "001"
      },
      "manager": {
        "name": "ubuntu22"
      },
      "data": {
        "win": {
          "eventdata": {
            "originalFileName": "Cmd.Exe",
            "image": "C:\\\\Windows\\\\Temp\\\\lsass.exe",
            "product": "Microsoft® Windows® Operating System",
            "parentProcessGuid": "{994437b3-029c-68c3-5c27-000000000e00}",
            "description": "Windows Command Processor",
            "logonGuid": "{994437b3-7451-68b8-95e0-070000000000}",
            "parentCommandLine": "cmd.exe /C copy %SystemRoot%\\\\System32\\\\cmd.exe %SystemRoot%\\\\Temp\\\\lsass.exe &amp;&amp; %SystemRoot%\\\\Temp\\\\lsass.exe /B",
            "processGuid": "{994437b3-029c-68c3-5d27-000000000e00}",
            "logonId": "0x7e095",
            "parentProcessId": "11000",
            "processId": "10652",
            "currentDirectory": "C:\\\\Windows\\\\System32\\\\",
            "utcTime": "2025-09-11 17:10:52.934",
            "hashes": "MD5=791545E6E3C5EB61DD12CCFBAE1B9982,SHA256=B7EDC54E6B42CA1CDA290CE8CACFECAAC6DBCC8C14631BC20FB184A6309C1824,IMPHASH=D73E39DAB3C8B57AA408073D01254964",
            "parentImage": "C:\\\\Windows\\\\System32\\\\cmd.exe",
            "company": "Microsoft Corporation",
            "commandLine": "C:\\\\Windows\\\\Temp\\\\lsass.exe  /B",
            "integrityLevel": "High",
            "fileVersion": "10.0.22621.608 (WinBuild.160101.0800)",
            "user": "DESKTOP-MDNNEJF\\\\env-admin",
            "terminalSessionId": "1",
            "parentUser": "DESKTOP-MDNNEJF\\\\env-admin"
          },
          "system": {
            "eventID": "1",
            "keywords": "0x8000000000000000",
            "providerGuid": "{5770385f-c22a-43e0-bf4c-06f5698ffbd9}",
            "level": "4",
            "channel": "Microsoft-Windows-Sysmon/Operational",
            "opcode": "0",
            "message": "\"Process Create:\r\nRuleName: -\r\nUtcTime: 2025-09-11 17:10:52.934\r\nProcessGuid: {994437b3-029c-68c3-5d27-000000000e00}\r\nProcessId: 10652\r\nImage: C:\\Windows\\Temp\\lsass.exe\r\nFileVersion: 10.0.22621.608 (WinBuild.160101.0800)\r\nDescription: Windows Command Processor\r\nProduct: Microsoft® Windows® Operating System\r\nCompany: Microsoft Corporation\r\nOriginalFileName: Cmd.Exe\r\nCommandLine: C:\\Windows\\Temp\\lsass.exe  /B\r\nCurrentDirectory: C:\\Windows\\System32\\\r\nUser: DESKTOP-MDNNEJF\\env-admin\r\nLogonGuid: {994437b3-7451-68b8-95e0-070000000000}\r\nLogonId: 0x7E095\r\nTerminalSessionId: 1\r\nIntegrityLevel: High\r\nHashes: MD5=791545E6E3C5EB61DD12CCFBAE1B9982,SHA256=B7EDC54E6B42CA1CDA290CE8CACFECAAC6DBCC8C14631BC20FB184A6309C1824,IMPHASH=D73E39DAB3C8B57AA408073D01254964\r\nParentProcessGuid: {994437b3-029c-68c3-5c27-000000000e00}\r\nParentProcessId: 11000\r\nParentImage: C:\\Windows\\System32\\cmd.exe\r\nParentCommandLine: cmd.exe /C copy %SystemRoot%\\System32\\cmd.exe %SystemRoot%\\Temp\\lsass.exe && %SystemRoot%\\Temp\\lsass.exe /B\r\nParentUser: DESKTOP-MDNNEJF\\env-admin\"",
            "version": "5",
            "systemTime": "2025-09-11T17:10:52.9469810Z",
            "eventRecordID": "9790",
            "threadID": "4804",
            "computer": "DESKTOP-MDNNEJF",
            "task": "1",
            "processID": "3544",
            "severityValue": "INFORMATION",
            "providerName": "Microsoft-Windows-Sysmon"
          }
        }
      },
      "rule": {
        "firedtimes": 1,
        "mail": true,
        "level": 12,
        "pci_dss": [
          "10.6.1",
          "11.4"
        ],
        "hipaa": [
          "164.312.b"
        ],
        "tsc": [
          "CC7.2",
          "CC7.3",
          "CC6.1",
          "CC6.8"
        ],
        "description": "Sysmon - Suspicious Process - lsass",
        "groups": [
          "windows",
          "sysmon",
          "sysmon_process-anomalies"
        ],
        "mitre": {
          "technique": [
            "Process Injection"
          ],
          "id": [
            "T1055"
          ],
          "tactic": [
            "Defense Evasion",
            "Privilege Escalation"
          ]
        },
        "id": "61625",
        "nist_800_53": [
          "AU.6",
          "SI.4"
        ],
        "gdpr": [
          "IV_35.7.d"
        ]
      },
      "location": "EventChannel",
      "decoder": {
        "name": "windows_eventchannel"
      },
      "id": "1757610654.1112794",
      "full_log": "{\"win\":{\"system\":{\"providerName\":\"Microsoft-Windows-Sysmon\",\"providerGuid\":\"{5770385f-c22a-43e0-bf4c-06f5698ffbd9}\",\"eventID\":\"1\",\"version\":\"5\",\"level\":\"4\",\"task\":\"1\",\"opcode\":\"0\",\"keywords\":\"0x8000000000000000\",\"systemTime\":\"2025-09-11T17:10:52.9469810Z\",\"eventRecordID\":\"9790\",\"processID\":\"3544\",\"threadID\":\"4804\",\"channel\":\"Microsoft-Windows-Sysmon/Operational\",\"computer\":\"DESKTOP-MDNNEJF\",\"severityValue\":\"INFORMATION\",\"message\":\"\\\"Process Create:\\r\\nRuleName: -\\r\\nUtcTime: 2025-09-11 17:10:52.934\\r\\nProcessGuid: {994437b3-029c-68c3-5d27-000000000e00}\\r\\nProcessId: 10652\\r\\nImage: C:\\\\Windows\\\\Temp\\\\lsass.exe\\r\\nFileVersion: 10.0.22621.608 (WinBuild.160101.0800)\\r\\nDescription: Windows Command Processor\\r\\nProduct: Microsoft® Windows® Operating System\\r\\nCompany: Microsoft Corporation\\r\\nOriginalFileName: Cmd.Exe\\r\\nCommandLine: C:\\\\Windows\\\\Temp\\\\lsass.exe  /B\\r\\nCurrentDirectory: C:\\\\Windows\\\\System32\\\\\\r\\nUser: DESKTOP-MDNNEJF\\\\env-admin\\r\\nLogonGuid: {994437b3-7451-68b8-95e0-070000000000}\\r\\nLogonId: 0x7E095\\r\\nTerminalSessionId: 1\\r\\nIntegrityLevel: High\\r\\nHashes: MD5=791545E6E3C5EB61DD12CCFBAE1B9982,SHA256=B7EDC54E6B42CA1CDA290CE8CACFECAAC6DBCC8C14631BC20FB184A6309C1824,IMPHASH=D73E39DAB3C8B57AA408073D01254964\\r\\nParentProcessGuid: {994437b3-029c-68c3-5c27-000000000e00}\\r\\nParentProcessId: 11000\\r\\nParentImage: C:\\\\Windows\\\\System32\\\\cmd.exe\\r\\nParentCommandLine: cmd.exe /C copy %SystemRoot%\\\\System32\\\\cmd.exe %SystemRoot%\\\\Temp\\\\lsass.exe && %SystemRoot%\\\\Temp\\\\lsass.exe /B\\r\\nParentUser: DESKTOP-MDNNEJF\\\\env-admin\\\"\"},\"eventdata\":{\"utcTime\":\"2025-09-11 17:10:52.934\",\"processGuid\":\"{994437b3-029c-68c3-5d27-000000000e00}\",\"processId\":\"10652\",\"image\":\"C:\\\\\\\\Windows\\\\\\\\Temp\\\\\\\\lsass.exe\",\"fileVersion\":\"10.0.22621.608 (WinBuild.160101.0800)\",\"description\":\"Windows Command Processor\",\"product\":\"Microsoft® Windows® Operating System\",\"company\":\"Microsoft Corporation\",\"originalFileName\":\"Cmd.Exe\",\"commandLine\":\"C:\\\\\\\\Windows\\\\\\\\Temp\\\\\\\\lsass.exe  /B\",\"currentDirectory\":\"C:\\\\\\\\Windows\\\\\\\\System32\\\\\\\\\",\"user\":\"DESKTOP-MDNNEJF\\\\\\\\env-admin\",\"logonGuid\":\"{994437b3-7451-68b8-95e0-070000000000}\",\"logonId\":\"0x7e095\",\"terminalSessionId\":\"1\",\"integrityLevel\":\"High\",\"hashes\":\"MD5=791545E6E3C5EB61DD12CCFBAE1B9982,SHA256=B7EDC54E6B42CA1CDA290CE8CACFECAAC6DBCC8C14631BC20FB184A6309C1824,IMPHASH=D73E39DAB3C8B57AA408073D01254964\",\"parentProcessGuid\":\"{994437b3-029c-68c3-5c27-000000000e00}\",\"parentProcessId\":\"11000\",\"parentImage\":\"C:\\\\\\\\Windows\\\\\\\\System32\\\\\\\\cmd.exe\",\"parentCommandLine\":\"cmd.exe /C copy %SystemRoot%\\\\\\\\System32\\\\\\\\cmd.exe %SystemRoot%\\\\\\\\Temp\\\\\\\\lsass.exe &amp;&amp; %SystemRoot%\\\\\\\\Temp\\\\\\\\lsass.exe /B\",\"parentUser\":\"DESKTOP-MDNNEJF\\\\\\\\env-admin\"}}}",
      "timestamp": "2025-09-11T17:10:54.022+0000"
    },
    "fields": {
      "timestamp": [
        "2025-09-11T17:10:54.022Z"
      ]
    },
    "sort": [
      1757610654022
    ]
  },




  {
    "_index": "wazuh-alerts-4.x-2025.09.11",
    "_id": "6kfBOZkBIDwfn7_zk6k8",
    "_score": null,
    "_source": {
      "input": {
        "type": "log"
      },
      "agent": {
        "ip": "192.168.1.101",
        "name": "DESKTOP-MDNNEJF",
        "id": "001"
      },
      "manager": {
        "name": "ubuntu22"
      },
      "data": {
        "win": {
          "eventdata": {
            "image": "C:\\\\Windows\\\\System32\\\\WindowsPowerShell\\\\v1.0\\\\powershell.exe",
            "processGuid": "{994437b3-0268-68c3-5527-000000000e00}",
            "processId": "9064",
            "utcTime": "2025-09-11 17:10:08.309",
            "targetFilename": "C:\\\\Users\\\\Public\\\\temp\\\\procdump64a.exe",
            "ruleName": "EXE",
            "creationUtcTime": "2025-09-11 17:10:08.309",
            "user": "DESKTOP-MDNNEJF\\\\env-admin"
          },
          "system": {
            "eventID": "11",
            "keywords": "0x8000000000000000",
            "providerGuid": "{5770385f-c22a-43e0-bf4c-06f5698ffbd9}",
            "level": "4",
            "channel": "Microsoft-Windows-Sysmon/Operational",
            "opcode": "0",
            "message": "\"File created:\r\nRuleName: EXE\r\nUtcTime: 2025-09-11 17:10:08.309\r\nProcessGuid: {994437b3-0268-68c3-5527-000000000e00}\r\nProcessId: 9064\r\nImage: C:\\Windows\\System32\\WindowsPowerShell\\v1.0\\powershell.exe\r\nTargetFilename: C:\\Users\\Public\\temp\\procdump64a.exe\r\nCreationUtcTime: 2025-09-11 17:10:08.309\r\nUser: DESKTOP-MDNNEJF\\env-admin\"",
            "version": "2",
            "systemTime": "2025-09-11T17:10:08.3103718Z",
            "eventRecordID": "9782",
            "threadID": "4804",
            "computer": "DESKTOP-MDNNEJF",
            "task": "11",
            "processID": "3544",
            "severityValue": "INFORMATION",
            "providerName": "Microsoft-Windows-Sysmon"
          }
        }
      },
      "rule": {
        "firedtimes": 3,
        "mail": true,
        "level": 12,
        "description": "Executable file dropped in Users\\Public folder",
        "groups": [
          "sysmon",
          "sysmon_eid11_detections",
          "windows"
        ],
        "mitre": {
          "technique": [
            "Ingress Tool Transfer"
          ],
          "id": [
            "T1105"
          ],
          "tactic": [
            "Command and Control"
          ]
        },
        "id": "92207"
      },
      "location": "EventChannel",
      "decoder": {
        "name": "windows_eventchannel"
      },
      "id": "1757610608.1101539",
      "timestamp": "2025-09-11T17:10:08.961+0000"
    },
    "fields": {
      "timestamp": [
        "2025-09-11T17:10:08.961Z"
      ]
    },
    "sort": [
      1757610608961
    ]
  },



  {
    "_index": "wazuh-alerts-4.x-2025.09.11",
    "_id": "n0eUOZkBIDwfn7_zL6ll",
    "_score": null,
    "_source": {
      "input": {
        "type": "log"
      },
      "agent": {
        "ip": "192.168.1.101",
        "name": "DESKTOP-MDNNEJF",
        "id": "001"
      },
      "manager": {
        "name": "ubuntu22"
      },
      "data": {
        "win": {
          "eventdata": {
            "image": "C:\\\\Windows\\\\System32\\\\WindowsPowerShell\\\\v1.0\\\\powershell.exe",
            "processGuid": "{994437b3-f6d1-68c2-1827-000000000e00}",
            "processId": "5440",
            "utcTime": "2025-09-11 16:20:33.527",
            "targetFilename": "C:\\\\Users\\\\env-admin\\\\AppData\\\\Local\\\\Microsoft\\\\CLR_v4.0\\\\UsageLogs\\\\powershell.exe.log",
            "ruleName": "ProcessHostingdotNETCode",
            "creationUtcTime": "2025-09-02 04:28:13.769",
            "user": "DESKTOP-MDNNEJF\\\\env-admin"
          },
          "system": {
            "eventID": "11",
            "keywords": "0x8000000000000000",
            "providerGuid": "{5770385f-c22a-43e0-bf4c-06f5698ffbd9}",
            "level": "4",
            "channel": "Microsoft-Windows-Sysmon/Operational",
            "opcode": "0",
            "message": "\"File created:\r\nRuleName: ProcessHostingdotNETCode\r\nUtcTime: 2025-09-11 16:20:33.527\r\nProcessGuid: {994437b3-f6d1-68c2-1827-000000000e00}\r\nProcessId: 5440\r\nImage: C:\\Windows\\System32\\WindowsPowerShell\\v1.0\\powershell.exe\r\nTargetFilename: C:\\Users\\env-admin\\AppData\\Local\\Microsoft\\CLR_v4.0\\UsageLogs\\powershell.exe.log\r\nCreationUtcTime: 2025-09-02 04:28:13.769\r\nUser: DESKTOP-MDNNEJF\\env-admin\"",
            "version": "2",
            "systemTime": "2025-09-11T16:20:33.5300135Z",
            "eventRecordID": "9695",
            "threadID": "4804",
            "computer": "DESKTOP-MDNNEJF",
            "task": "11",
            "processID": "3544",
            "severityValue": "INFORMATION",
            "providerName": "Microsoft-Windows-Sysmon"
          }
        }
      },
      "rule": {
        "firedtimes": 1,
        "mail": false,
        "level": 9,
        "description": "Powershell process created executable file in AppData temp folder",
        "groups": [
          "sysmon",
          "sysmon_eid11_detections",
          "windows"
        ],
        "mitre": {
          "technique": [
            "Ingress Tool Transfer"
          ],
          "id": [
            "T1105"
          ],
          "tactic": [
            "Command and Control"
          ]
        },
        "id": "92204"
      },
      "location": "EventChannel",
      "decoder": {
        "name": "windows_eventchannel"
      },
      "id": "1757607634.840437",
      "timestamp": "2025-09-11T16:20:34.141+0000"
    },
    "fields": {
      "timestamp": [
        "2025-09-11T16:20:34.141Z"
      ]
    },
    "sort": [
      1757607634141
    ]
  },


  {
    "_index": "wazuh-alerts-4.x-2025.09.11",
    "_id": "hUd5OZkBIDwfn7_zPKmn",
    "_score": null,
    "_source": {
      "input": {
        "type": "log"
      },
      "agent": {
        "ip": "192.168.1.101",
        "name": "DESKTOP-MDNNEJF",
        "id": "001"
      },
      "manager": {
        "name": "ubuntu22"
      },
      "data": {
        "win": {
          "eventdata": {
            "data": "hr=0x803F7001, RuleId=31e71c49-8da7-4a2f-ad92-45d98a1c79ba;Action=AutoActivate;AppId=55c92734-d682-4d71-983e-d6ec3f16059f;SkuId=62f0c100-9c53-4e02-b886-a3528ddfe7f6;NotificationInterval=1440;Trigger=TimerEvent"
          },
          "system": {
            "eventID": "8198",
            "eventSourceName": "Software Protection Platform Service",
            "keywords": "0x80000000000000",
            "providerGuid": "{E23B33B0-C8C9-472C-A5F9-F2BDFEA0F156}",
            "level": "2",
            "channel": "Application",
            "opcode": "0",
            "message": "\"Échec de l’activation des licences (slui.exe) avec le code d’erreur suivant :\r\nhr=0x803F7001\r\nArguments de la ligne de commande :\r\nRuleId=31e71c49-8da7-4a2f-ad92-45d98a1c79ba;Action=AutoActivate;AppId=55c92734-d682-4d71-983e-d6ec3f16059f;SkuId=62f0c100-9c53-4e02-b886-a3528ddfe7f6;NotificationInterval=1440;Trigger=TimerEvent\"",
            "version": "0",
            "systemTime": "2025-09-11T15:51:01.9444510Z",
            "eventRecordID": "7246",
            "threadID": "0",
            "computer": "DESKTOP-MDNNEJF",
            "task": "0",
            "processID": "8120",
            "severityValue": "ERROR",
            "providerName": "Microsoft-Windows-Security-SPP"
          }
        }
      },
      "rule": {
        "firedtimes": 1,
        "mail": false,
        "level": 5,
        "description": "License activation (slui.exe) failed.",
        "groups": [
          "windows",
          "windows_application"
        ],
        "id": "60646"
      },
      "location": "EventChannel",
      "decoder": {
        "name": "windows_eventchannel"
      },
      "id": "1757605861.812840",
      "timestamp": "2025-09-11T15:51:01.913+0000"
    },
    "fields": {
      "timestamp": [
        "2025-09-11T15:51:01.913Z"
      ]
    },
    "sort": [
      1757605861913
    ]
  },


  {
    "_index": "wazuh-alerts-4.x-2025.09.11",
    "_id": "lEf0OZkBIDwfn7_zJ6p_",
    "_score": null,
    "_source": {
      "syscheck": {
        "mode": "scheduled",
        "path": "HKEY_LOCAL_MACHINE\\Software\\Policies\\Microsoft",
        "changed_attributes": [
          "mtime"
        ],
        "uname_after": "SYSTEM",
        "gname_after": "SYSTEM",
        "mtime_after": "2025-09-11T17:29:33",
        "uid_after": "S-1-5-18",
        "gid_after": "S-1-5-18",
        "arch": "[x32]",
        "win_perm_after": [
          {
            "allowed": [
              "GENERIC_READ",
              "READ_CONTROL",
              "READ_DATA",
              "READ_EA",
              "WRITE_EA",
              [
                "GENERIC_ALL",
                "DELETE",
                "READ_CONTROL",
                "WRITE_DAC",
                "WRITE_OWNER",
                "READ_DATA",
                "WRITE_DATA",
                "APPEND_DATA",
                "READ_EA",
                "WRITE_EA",
                "EXECUTE"
              ],
              [
                "GENERIC_ALL",
                "DELETE",
                "READ_CONTROL",
                "WRITE_DAC",
                "WRITE_OWNER",
                "READ_DATA",
                "WRITE_DATA",
                "APPEND_DATA",
                "READ_EA",
                "WRITE_EA",
                "EXECUTE"
              ],
              [
                "GENERIC_READ",
                "READ_CONTROL",
                "READ_DATA",
                "READ_EA",
                "WRITE_EA"
              ],
              [
                "GENERIC_READ",
                "READ_CONTROL",
                "READ_DATA",
                "READ_EA",
                "WRITE_EA"
              ]
            ],
            "name": "Authenticated Users"
          },
          {
            "allowed": [
              "GENERIC_ALL",
              "DELETE",
              "READ_CONTROL",
              "WRITE_DAC",
              "WRITE_OWNER",
              "READ_DATA",
              "WRITE_DATA",
              "APPEND_DATA",
              "READ_EA",
              "WRITE_EA",
              "EXECUTE"
            ],
            "name": "SYSTEM"
          },
          {
            "allowed": [
              "GENERIC_ALL",
              "DELETE",
              "READ_CONTROL",
              "WRITE_DAC",
              "WRITE_OWNER",
              "READ_DATA",
              "WRITE_DATA",
              "APPEND_DATA",
              "READ_EA",
              "WRITE_EA",
              "EXECUTE"
            ],
            "name": "Administrateurs"
          },
          {
            "allowed": [
              "GENERIC_READ",
              "READ_CONTROL",
              "READ_DATA",
              "READ_EA",
              "WRITE_EA"
            ],
            "name": "ALL APPLICATION PACKAGES"
          },
          {
            "allowed": [
              "GENERIC_READ",
              "READ_CONTROL",
              "READ_DATA",
              "READ_EA",
              "WRITE_EA"
            ],
            "name": "S-1-15-3-1024-1065365936-1281604716-3511738428-1654721687-432734479-3232135806-4053264122-3456934681"
          }
        ],
        "mtime_before": "2022-11-30T20:09:09",
        "event": "modified"
      },
      "input": {
        "type": "log"
      },
      "agent": {
        "ip": "192.168.1.101",
        "name": "DESKTOP-MDNNEJF",
        "id": "001"
      },
      "manager": {
        "name": "ubuntu22"
      },
      "rule": {
        "mail": false,
        "level": 5,
        "pci_dss": [
          "11.5"
        ],
        "hipaa": [
          "164.312.c.1",
          "164.312.c.2"
        ],
        "tsc": [
          "PI1.4",
          "PI1.5",
          "CC6.1",
          "CC6.8",
          "CC7.2",
          "CC7.3"
        ],
        "description": "Registry Key Integrity Checksum Changed",
        "groups": [
          "ossec",
          "syscheck",
          "syscheck_entry_modified",
          "syscheck_registry"
        ],
        "nist_800_53": [
          "SI.7"
        ],
        "gdpr": [
          "II_5.1.f"
        ],
        "firedtimes": 4,
        "mitre": {
          "technique": [
            "Stored Data Manipulation",
            "Modify Registry"
          ],
          "id": [
            "T1565.001",
            "T1112"
          ],
          "tactic": [
            "Impact",
            "Defense Evasion"
          ]
        },
        "id": "594",
        "gpg13": [
          "4.13"
        ]
      },
      "location": "syscheck",
      "decoder": {
        "name": "syscheck_registry_key_modified"
      },
      "id": "1757613920.1840104",
      "full_log": "Registry Key '[x32] HKEY_LOCAL_MACHINE\\Software\\Policies\\Microsoft' modified\nMode: scheduled\nChanged attributes: mtime\nOld modification time was: '1669838949', now it is '1757611773'\n",
      "timestamp": "2025-09-11T18:05:20.469+0000"
    },
    "fields": {
      "syscheck.mtime_after": [
        "2025-09-11T17:29:33.000Z"
      ],
      "syscheck.mtime_before": [
        "2022-11-30T20:09:09.000Z"
      ],
      "timestamp": [
        "2025-09-11T18:05:20.469Z"
      ]
    },
    "sort": [
      1757613920469
    ]
  },



  {
    "_index": "wazuh-alerts-4.x-2025.09.12",
    "_id": "y0eIPJkBIDwfn7_zKazQ",
    "_score": null,
    "_source": {
      "syscheck": {
        "mode": "scheduled",
        "path": "HKEY_LOCAL_MACHINE\\System\\CurrentControlSet\\Services\\bam\\State\\UserSettings\\S-1-5-21-408201590-265074577-2736629837-1001",
        "value_type": "REG_BINARY",
        "sha1_after": "621a3ee4c0a5f0aa8ac995a0f149e8b00f1e372a",
        "size_after": "24",
        "arch": "[x32]",
        "event": "deleted",
        "md5_after": "9dba0759361b7d2094d8c909604c92d1",
        "sha256_after": "b8393b61354d014cd23df766d12d23293bc2c38384aead00793273838861f8e5",
        "value_name": "\\Device\\HarddiskVolume2\\Windows\\System32\\mmc.exe"
      },
      "input": {
        "type": "log"
      },
      "agent": {
        "ip": "192.168.1.101",
        "name": "DESKTOP-MDNNEJF",
        "id": "001"
      },
      "manager": {
        "name": "ubuntu22"
      },
      "rule": {
        "mail": false,
        "level": 5,
        "pci_dss": [
          "11.5"
        ],
        "hipaa": [
          "164.312.c.1",
          "164.312.c.2"
        ],
        "tsc": [
          "PI1.4",
          "PI1.5",
          "CC6.1",
          "CC6.8",
          "CC7.2",
          "CC7.3"
        ],
        "description": "Registry Value Entry Deleted.",
        "groups": [
          "ossec",
          "syscheck",
          "syscheck_entry_deleted",
          "syscheck_registry"
        ],
        "nist_800_53": [
          "SI.7"
        ],
        "gdpr": [
          "II_5.1.f"
        ],
        "firedtimes": 23,
        "mitre": {
          "technique": [
            "File Deletion",
            "Data Destruction",
            "Modify Registry"
          ],
          "id": [
            "T1070.004",
            "T1485",
            "T1112"
          ],
          "tactic": [
            "Defense Evasion",
            "Impact"
          ]
        },
        "id": "751",
        "gpg13": [
          "4.13"
        ]
      },
      "location": "syscheck",
      "decoder": {
        "name": "syscheck_registry_value_deleted"
      },
      "id": "1757657178.471270",
      "full_log": "Registry Value '[x32] HKEY_LOCAL_MACHINE\\System\\CurrentControlSet\\Services\\bam\\State\\UserSettings\\S-1-5-21-408201590-265074577-2736629837-1001\\\\Device\\HarddiskVolume2\\Windows\\System32\\mmc.exe' deleted\nMode: scheduled\n",
      "timestamp": "2025-09-12T06:06:18.056+0000"
    },
    "fields": {
      "timestamp": [
        "2025-09-12T06:06:18.056Z"
      ]
    },
    "sort": [
      1757657178056
    ]
  },



  {
    "_index": "wazuh-alerts-4.x-2025.09.12",
    "_id": "gkeCPJkBIDwfn7_zBqzn",
    "_score": null,
    "_source": {
      "input": {
        "type": "log"
      },
      "agent": {
        "ip": "192.168.1.101",
        "name": "DESKTOP-MDNNEJF",
        "id": "001"
      },
      "manager": {
        "name": "ubuntu22"
      },
      "data": {
        "win": {
          "eventdata": {
            "originalFileName": "net1.exe",
            "image": "C:\\\\Windows\\\\SysWOW64\\\\net1.exe",
            "product": "Microsoft® Windows® Operating System",
            "parentProcessGuid": "{994437b3-b6c0-68c3-d629-000000000e00}",
            "description": "Net Command",
            "logonGuid": "{994437b3-7443-68b8-e703-000000000000}",
            "parentCommandLine": "net user guest",
            "processGuid": "{994437b3-b6c0-68c3-d829-000000000e00}",
            "logonId": "0x3e7",
            "parentProcessId": "9724",
            "processId": "11260",
            "currentDirectory": "C:\\\\Program Files (x86)\\\\ossec-agent\\\\",
            "utcTime": "2025-09-12 05:59:28.623",
            "hashes": "MD5=13C9BF9D300FA7A8EEAE2C21F74DE6F8,SHA256=E692C373C88107B024E5D5481AFE9BBBAEF062FCD4C36E1FD2CA3FC09EC6B663,IMPHASH=FA57EC07C0A8E480F5D417E8860B906D",
            "parentImage": "C:\\\\Windows\\\\SysWOW64\\\\net.exe",
            "company": "Microsoft Corporation",
            "commandLine": "C:\\\\Windows\\\\system32\\\\net1 user guest",
            "integrityLevel": "System",
            "fileVersion": "10.0.22621.674 (WinBuild.160101.0800)",
            "user": "NT AUTHORITY\\\\SYSTEM",
            "terminalSessionId": "0",
            "parentUser": "NT AUTHORITY\\\\SYSTEM"
          },
          "system": {
            "eventID": "1",
            "keywords": "0x8000000000000000",
            "providerGuid": "{5770385f-c22a-43e0-bf4c-06f5698ffbd9}",
            "level": "4",
            "channel": "Microsoft-Windows-Sysmon/Operational",
            "opcode": "0",
            "message": "\"Process Create:\r\nRuleName: -\r\nUtcTime: 2025-09-12 05:59:28.623\r\nProcessGuid: {994437b3-b6c0-68c3-d829-000000000e00}\r\nProcessId: 11260\r\nImage: C:\\Windows\\SysWOW64\\net1.exe\r\nFileVersion: 10.0.22621.674 (WinBuild.160101.0800)\r\nDescription: Net Command\r\nProduct: Microsoft® Windows® Operating System\r\nCompany: Microsoft Corporation\r\nOriginalFileName: net1.exe\r\nCommandLine: C:\\Windows\\system32\\net1 user guest\r\nCurrentDirectory: C:\\Program Files (x86)\\ossec-agent\\\r\nUser: NT AUTHORITY\\SYSTEM\r\nLogonGuid: {994437b3-7443-68b8-e703-000000000000}\r\nLogonId: 0x3E7\r\nTerminalSessionId: 0\r\nIntegrityLevel: System\r\nHashes: MD5=13C9BF9D300FA7A8EEAE2C21F74DE6F8,SHA256=E692C373C88107B024E5D5481AFE9BBBAEF062FCD4C36E1FD2CA3FC09EC6B663,IMPHASH=FA57EC07C0A8E480F5D417E8860B906D\r\nParentProcessGuid: {994437b3-b6c0-68c3-d629-000000000e00}\r\nParentProcessId: 9724\r\nParentImage: C:\\Windows\\SysWOW64\\net.exe\r\nParentCommandLine: net user guest\r\nParentUser: NT AUTHORITY\\SYSTEM\"",
            "version": "5",
            "systemTime": "2025-09-12T05:59:28.6251678Z",
            "eventRecordID": "10521",
            "threadID": "4804",
            "computer": "DESKTOP-MDNNEJF",
            "task": "1",
            "processID": "3544",
            "severityValue": "INFORMATION",
            "providerName": "Microsoft-Windows-Sysmon"
          }
        }
      },
      "rule": {
        "firedtimes": 6,
        "mail": false,
        "level": 3,
        "description": "A net.exe account discovery command was initiated",
        "groups": [
          "sysmon",
          "sysmon_eid1_detections",
          "windows"
        ],
        "mitre": {
          "technique": [
            "Account Discovery"
          ],
          "id": [
            "T1087"
          ],
          "tactic": [
            "Discovery"
          ]
        },
        "id": "92039"
      },
      "location": "EventChannel",
      "decoder": {
        "name": "windows_eventchannel"
      },
      "id": "1757656769.388902",
      "timestamp": "2025-09-12T05:59:29.601+0000"
    },
    "fields": {
      "timestamp": [
        "2025-09-12T05:59:29.601Z"
      ]
    },
    "sort": [
      1757656769601
    ]
  },

  {
    "_index": "wazuh-alerts-4.x-2025.09.15",
    "_id": "vkfHTZkBIDwfn7_zPbom",
    "_score": null,
    "_source": {
      "input": {
        "type": "log"
      },
      "agent": {
        "ip": "192.168.1.101",
        "name": "DESKTOP-MDNNEJF",
        "id": "001"
      },
      "manager": {
        "name": "ubuntu22"
      },
      "data": {
        "win": {
          "eventdata": {
            "targetLogonId": "0x82cb9e7",
            "targetUserName": "env-admin",
            "targetDomainName": "DESKTOP-MDNNEJF",
            "targetUserSid": "S-1-5-21-408201590-265074577-2736629837-1001",
            "logonType": "2"
          },
          "system": {
            "eventID": "4634",
            "keywords": "0x8020000000000000",
            "providerGuid": "{54849625-5478-4994-a5ba-3e3b0328c30d}",
            "level": "0",
            "channel": "Security",
            "opcode": "0",
            "message": "\"Fermeture de session d’un compte.\r\n\r\nSujet :\r\n\tID de sécurité :\t\tS-1-5-21-408201590-265074577-2736629837-1001\r\n\tNom du compte :\t\tenv-admin\r\n\tDomaine du compte :\t\tDESKTOP-MDNNEJF\r\n\tID du compte :\t\t0x82CB9E7\r\n\r\nType d’ouverture de session :\t\t\t2\r\n\r\nCet événement est généré lorsqu’une session ouverte est supprimée. Il peut être associé à un événement d’ouverture de session en utilisant la valeur ID d’ouverture de session. Les ID d’ouverture de session ne sont uniques qu’entre les redémarrages sur un même ordinateur.\"",
            "version": "0",
            "systemTime": "2025-09-15T14:28:38.5277006Z",
            "eventRecordID": "21147",
            "threadID": "5216",
            "computer": "DESKTOP-MDNNEJF",
            "task": "12545",
            "processID": "756",
            "severityValue": "AUDIT_SUCCESS",
            "providerName": "Microsoft-Windows-Security-Auditing"
          }
        }
      },
      "rule": {
        "firedtimes": 2,
        "mail": false,
        "level": 3,
        "description": "Non service account logged off.",
        "groups": [
          "windows",
          " WEF"
        ],
        "id": "67023"
      },
      "location": "EventChannel",
      "decoder": {
        "name": "windows_eventchannel"
      },
      "id": "1757946519.877972",
      "timestamp": "2025-09-15T14:28:39.570+0000"
    },
    "fields": {
      "timestamp": [
        "2025-09-15T14:28:39.570Z"
      ]
    },
    "sort": [
      1757946519570
    ]
  },



  {
    "_index": "wazuh-alerts-4.x-2025.09.15",
    "_id": "vEfHTZkBIDwfn7_zPbom",
    "_score": null,
    "_source": {
      "input": {
        "type": "log"
      },
      "agent": {
        "ip": "192.168.1.101",
        "name": "DESKTOP-MDNNEJF",
        "id": "001"
      },
      "manager": {
        "name": "ubuntu22"
      },
      "data": {
        "win": {
          "eventdata": {
            "subjectLogonId": "0x3e7",
            "subjectDomainName": "WORKGROUP",
            "targetLinkedLogonId": "0x82cb9e7",
            "impersonationLevel": "%%1833",
            "ipAddress": "127.0.0.1",
            "authenticationPackageName": "Negotiate",
            "workstationName": "DESKTOP-MDNNEJF",
            "targetLogonId": "0x82cba19",
            "logonProcessName": "User32",
            "logonGuid": "{00000000-0000-0000-0000-000000000000}",
            "targetUserName": "env-admin",
            "keyLength": "0",
            "elevatedToken": "%%1843",
            "subjectUserSid": "S-1-5-18",
            "processId": "0x634",
            "processName": "C:\\\\Windows\\\\System32\\\\svchost.exe",
            "ipPort": "0",
            "targetDomainName": "DESKTOP-MDNNEJF",
            "targetUserSid": "S-1-5-21-408201590-265074577-2736629837-1001",
            "virtualAccount": "%%1843",
            "logonType": "2",
            "subjectUserName": "DESKTOP-MDNNEJF$"
          },
          "system": {
            "eventID": "4624",
            "keywords": "0x8020000000000000",
            "providerGuid": "{54849625-5478-4994-a5ba-3e3b0328c30d}",
            "level": "0",
            "channel": "Security",
            "opcode": "0",
            "message": "\"L'ouverture de session d'un compte s'est correctement déroulée.\r\n\r\nObjet :\r\n\tID de sécurité :\t\tS-1-5-18\r\n\tNom du compte :\t\tDESKTOP-MDNNEJF$\r\n\tDomaine du compte :\t\tWORKGROUP\r\n\tID d'ouverture de session :\t\t0x3E7\r\n\r\nInformations d'ouverture de session :\r\n\tType d'ouverture de session :\t\t2\r\n\tMode administrateur restreint :\t-\r\n\tCredential Guard à distance :\t-\r\n\tCompte virtuel :\t\tNon\r\n\tJeton élevé :\t\tNon\r\n\r\nNiveau d'emprunt d'identité :\t\tEmprunt d’identité\r\n\r\nNouvelle ouverture de session :\r\n\tID de sécurité :\t\tS-1-5-21-408201590-265074577-2736629837-1001\r\n\tNom du compte :\t\tenv-admin\r\n\tDomaine du compte :\t\tDESKTOP-MDNNEJF\r\n\tID d'ouverture de session :\t\t0x82CBA19\r\n\tID d'ouverture de session liée :\t\t0x82CB9E7\r\n\tNom du compte réseau :\t-\r\n\tDomaine du compte réseau :\t-\r\n\tGUID d'ouverture de session :\t\t{00000000-0000-0000-0000-000000000000}\r\n\r\nInformations sur le processus :\r\n\tID du processus :\t\t0x634\r\n\tNom du processus :\t\tC:\\Windows\\System32\\svchost.exe\r\n\r\nInformations sur le réseau :\r\n\tNom de la station de travail :\tDESKTOP-MDNNEJF\r\n\tAdresse du réseau source :\t127.0.0.1\r\n\tPort source :\t\t0\r\n\r\nInformations détaillées sur l'authentification :\r\n\tProcessus d'ouverture de session :\t\tUser32 \r\n\tPackage d'authentification :\tNegotiate\r\n\tServices en transit :\t-\r\n\tNom du package (NTLM uniquement) :\t-\r\n\tLongueur de la clé :\t\t0\r\n\r\nCet événement est généré lors de la création d'une ouverture de session. Il est généré sur l'ordinateur sur lequel l'ouverture de session a été effectuée.\r\n\r\nLe champ Objet indique le compte sur le système local qui a demandé l'ouverture de session. Il s'agit le plus souvent d'un service, comme le service Serveur, ou un processus local tel que Winlogon.exe ou Services.exe.\r\n\r\nLe champ Type d'ouverture de session indique le type d'ouverture de session qui s'est produit. Les types les plus courants sont 2 (interactif) et 3 (réseau).\r\n\r\nLe champ Nouvelle ouverture de session indique le compte pour lequel la nouvelle ouverture de session a été créée, par exemple, le compte qui s'est connecté.\r\n\r\nLes champs relatifs au réseau indiquent la provenance d'une demande d'ouverture de session à distance. Le nom de la station de travail n'étant pas toujours disponible, peut être laissé vide dans certains cas.\r\n\r\nLe champ du niveau d'emprunt d'identité indique la portée de l'emprunt d'identité que peut prendre un processus dans la session d'ouverture de session.\r\n\r\nLes champs relatifs aux informations d'authentification fournissent des détails sur cette demande d'ouverture de session spécifique.\r\n\t- Le GUID d'ouverture de session est un identificateur unique pouvant servir à associer cet événement à un événement KDC .\r\n\t- Les services en transit indiquent les services intermédiaires qui ont participé à cette demande d'ouverture de session.\r\n\t- Nom du package indique quel est le sous-protocole qui a été utilisé parmi les protocoles NTLM.\r\n\t- La longueur de la clé indique la longueur de la clé de session générée. Elle a la valeur 0 si aucune clé de session n'a été demandée.\"",
            "version": "3",
            "systemTime": "2025-09-15T14:28:38.5216776Z",
            "eventRecordID": "21144",
            "threadID": "5216",
            "computer": "DESKTOP-MDNNEJF",
            "task": "12544",
            "processID": "756",
            "severityValue": "AUDIT_SUCCESS",
            "providerName": "Microsoft-Windows-Security-Auditing"
          }
        }
      },
      "rule": {
        "mail": false,
        "level": 3,
        "pci_dss": [
          "10.2.5"
        ],
        "hipaa": [
          "164.312.b"
        ],
        "tsc": [
          "CC6.8",
          "CC7.2",
          "CC7.3"
        ],
        "description": "Windows Workstation Logon Success",
        "groups": [
          "windows",
          "windows_security",
          "authentication_success"
        ],
        "nist_800_53": [
          "AU.14",
          "AC.9"
        ],
        "gdpr": [
          "IV_32.2"
        ],
        "firedtimes": 2,
        "mitre": {
          "technique": [
            "Valid Accounts"
          ],
          "id": [
            "T1078"
          ],
          "tactic": [
            "Defense Evasion",
            "Persistence",
            "Privilege Escalation",
            "Initial Access"
          ]
        },
        "id": "60118",
        "gpg13": [
          "7.1",
          "7.2"
        ]
      },
      "location": "EventChannel",
      "decoder": {
        "name": "windows_eventchannel"
      },
      "id": "1757946519.865952",
      "timestamp": "2025-09-15T14:28:39.558+0000"
    },
    "fields": {
      "timestamp": [
        "2025-09-15T14:28:39.558Z"
      ]
    },
    "sort": [
      1757946519558
    ]
  },


  {
    "_index": "wazuh-alerts-4.x-2025.09.15",
    "_id": "uUfHTZkBIDwfn7_zAroW",
    "_score": null,
    "_source": {
      "input": {
        "type": "log"
      },
      "agent": {
        "ip": "192.168.1.101",
        "name": "DESKTOP-MDNNEJF",
        "id": "001"
      },
      "manager": {
        "name": "ubuntu22"
      },
      "data": {
        "win": {
          "eventdata": {
            "subjectLogonId": "0x3e7",
            "subjectDomainName": "WORKGROUP",
            "ipAddress": "127.0.0.1",
            "authenticationPackageName": "Negotiate",
            "workstationName": "DESKTOP-MDNNEJF",
            "subStatus": "0xc000006a",
            "logonProcessName": "User32",
            "targetUserName": "env-admin",
            "keyLength": "0",
            "subjectUserSid": "S-1-5-18",
            "processId": "0x634",
            "processName": "C:\\\\Windows\\\\System32\\\\svchost.exe",
            "ipPort": "0",
            "failureReason": "%%2313",
            "targetDomainName": "DESKTOP-MDNNEJF",
            "targetUserSid": "S-1-0-0",
            "logonType": "2",
            "subjectUserName": "DESKTOP-MDNNEJF$",
            "status": "0xc000006d"
          },
          "system": {
            "eventID": "4625",
            "keywords": "0x8010000000000000",
            "providerGuid": "{54849625-5478-4994-a5ba-3e3b0328c30d}",
            "level": "0",
            "channel": "Security",
            "opcode": "0",
            "message": "\"Échec d’ouverture de session d’un compte.\r\n\r\nSujet :\r\n\tID de sécurité :\t\tS-1-5-18\r\n\tNom du compte :\t\tDESKTOP-MDNNEJF$\r\n\tDomaine du compte :\t\tWORKGROUP\r\n\tID d’ouverture de session :\t\t0x3E7\r\n\r\nType d’ouverture de session :\t\t\t2\r\n\r\nCompte pour lequel l’ouverture de session a échoué :\r\n\tID de sécurité :\t\tS-1-0-0\r\n\tNom du compte :\t\tenv-admin\r\n\tDomaine du compte :\t\tDESKTOP-MDNNEJF\r\n\r\nInformations sur l’échec :\r\n\tRaison de l’échec :\t\tNom d’utilisateur inconnu ou mot de passe incorrect.\r\n\tÉtat :\t\t\t0xC000006D\r\n\tSous-état :\t\t0xC000006A\r\n\r\nInformations sur le processus :\r\n\tID du processus de l’appelant :\t0x634\r\n\tNom du processus de l’appelant :\tC:\\Windows\\System32\\svchost.exe\r\n\r\nInformations sur le réseau :\r\n\tNom de la station de travail :\tDESKTOP-MDNNEJF\r\n\tAdresse du réseau source :\t127.0.0.1\r\n\tPort source :\t\t0\r\n\r\nInformations détaillées sur l’authentification :\r\n\tProcessus d’ouverture de session :\t\tUser32 \r\n\tPackage d’authentification :\tNegotiate\r\n\tServices en transit :\t-\r\n\tNom du package (NTLM uniquement) :\t-\r\n\tLongueur de clé :\t\t0\r\n\r\nCet événement est généré lorsqu’une demande d’ouverture de session échoue. Il est généré sur l’ordinateur sur lequel l’accès a été tenté.\r\n\r\nLe champ Objet indique le compte sur le système local qui a demandé l’ouverture de session. Il s’agit le plus souvent d’un service, comme le service Serveur, ou un processus local tel que Winlogon.exe ou Services.exe.\r\n\r\nLe champ Type d’ouverture de session indique le type d’ouverture de session qui a été demandé. Les types les plus courants sont 2 (interactif) et 3 (réseau).\r\n\r\nLes champs relatifs aux informations sur le processus indiquent quel est le compte et le processus sur le système qui ont demandé l’ouverture de session.\r\n\r\nLes champs relatifs aux informations sur le réseau indiquent la provenance de la demande d’ouverture de session distante. Le nom de la station de travail n’étant pas toujours disponible, peut rester vide dans certains cas.\r\n\r\nLes champs relatifs aux informations d’authentification fournissent des détails sur cette demande d’ouverture de session spécifique.\r\n\t- Les services en transit indiquent les services intermédiaires qui ont participé à cette demande d’ouverture de session.\r\n\t- Le nom du package indique quel a été le sous-protocole qui a été utilisé parmi les protocoles NTLM.\r\n\t- La longueur de la clé indique la longueur de la clé de session générée. Elle a la valeur 0 si aucune clé de session n’a été demandée.\"",
            "version": "0",
            "systemTime": "2025-09-15T14:28:27.9395009Z",
            "eventRecordID": "21141",
            "threadID": "5216",
            "computer": "DESKTOP-MDNNEJF",
            "task": "12544",
            "processID": "756",
            "severityValue": "AUDIT_FAILURE",
            "providerName": "Microsoft-Windows-Security-Auditing"
          }
        }
      },
      "rule": {
        "mail": false,
        "level": 5,
        "pci_dss": [
          "10.2.4",
          "10.2.5"
        ],
        "hipaa": [
          "164.312.b"
        ],
        "tsc": [
          "CC6.1",
          "CC6.8",
          "CC7.2",
          "CC7.3"
        ],
        "description": "Logon Failure - Unknown user or bad password",
        "groups": [
          "windows",
          "windows_security",
          "authentication_failed"
        ],
        "nist_800_53": [
          "AU.14",
          "AC.7"
        ],
        "gdpr": [
          "IV_35.7.d",
          "IV_32.2"
        ],
        "firedtimes": 2,
        "mitre": {
          "technique": [
            "Account Access Removal"
          ],
          "id": [
            "T1531"
          ],
          "tactic": [
            "Impact"
          ]
        },
        "id": "60122",
        "gpg13": [
          "7.1"
        ]
      },
      "location": "EventChannel",
      "decoder": {
        "name": "windows_eventchannel"
      },
      "id": "1757946508.845453",
      "timestamp": "2025-09-15T14:28:28.933+0000"
    },
    "fields": {
      "timestamp": [
        "2025-09-15T14:28:28.933Z"
      ]
    },
    "sort": [
      1757946508933
    ]
  },


  {
    "_index": "wazuh-alerts-4.x-2025.09.15",
    "_id": "u0fHTZkBIDwfn7_zPbom",
    "_score": null,
    "_source": {
      "input": {
        "type": "log"
      },
      "agent": {
        "ip": "192.168.1.101",
        "name": "DESKTOP-MDNNEJF",
        "id": "001"
      },
      "manager": {
        "name": "ubuntu22"
      },
      "data": {
        "win": {
          "eventdata": {
            "subjectLogonId": "0x82cb9e7",
            "subjectUserSid": "S-1-5-21-408201590-265074577-2736629837-1001",
            "subjectDomainName": "DESKTOP-MDNNEJF",
            "privilegeList": "SeSecurityPrivilege     SeTakeOwnershipPrivilege     SeLoadDriverPrivilege     SeBackupPrivilege     SeRestorePrivilege     SeDebugPrivilege     SeSystemEnvironmentPrivilege     SeImpersonatePrivilege     SeDelegateSessionUserImpersonatePrivilege",
            "subjectUserName": "env-admin"
          },
          "system": {
            "eventID": "4672",
            "keywords": "0x8020000000000000",
            "providerGuid": "{54849625-5478-4994-a5ba-3e3b0328c30d}",
            "level": "0",
            "channel": "Security",
            "opcode": "0",
            "message": "\"Privilèges spéciaux attribués à la nouvelle ouverture de session.\r\n\r\nSujet :\r\n\tID de sécurité :\t\tS-1-5-21-408201590-265074577-2736629837-1001\r\n\tNom du compte :\t\tenv-admin\r\n\tDomaine du compte :\t\tDESKTOP-MDNNEJF\r\n\tID d’ouverture de session :\t\t0x82CB9E7\r\n\r\nPrivilèges :\t\tSeSecurityPrivilege\r\n\t\t\tSeTakeOwnershipPrivilege\r\n\t\t\tSeLoadDriverPrivilege\r\n\t\t\tSeBackupPrivilege\r\n\t\t\tSeRestorePrivilege\r\n\t\t\tSeDebugPrivilege\r\n\t\t\tSeSystemEnvironmentPrivilege\r\n\t\t\tSeImpersonatePrivilege\r\n\t\t\tSeDelegateSessionUserImpersonatePrivilege\"",
            "version": "0",
            "systemTime": "2025-09-15T14:28:38.5217145Z",
            "eventRecordID": "21145",
            "threadID": "5216",
            "computer": "DESKTOP-MDNNEJF",
            "task": "12548",
            "processID": "756",
            "severityValue": "AUDIT_SUCCESS",
            "providerName": "Microsoft-Windows-Security-Auditing"
          }
        }
      },
      "rule": {
        "firedtimes": 1,
        "mail": false,
        "level": 3,
        "description": "Special privileges assigned to new logon.",
        "groups": [
          "windows",
          " WEF"
        ],
        "mitre": {
          "technique": [
            "Domain Policy Modification"
          ],
          "id": [
            "T1484"
          ],
          "tactic": [
            "Defense Evasion",
            "Privilege Escalation"
          ]
        },
        "id": "67028"
      },
      "location": "EventChannel",
      "decoder": {
        "name": "windows_eventchannel"
      },
      "id": "1757946519.862756",
      "timestamp": "2025-09-15T14:28:39.553+0000"
    },
    "fields": {
      "timestamp": [
        "2025-09-15T14:28:39.553Z"
      ]
    },
    "sort": [
      1757946519553
    ]
  },

  {
    "_index": "wazuh-alerts-4.x-2025.09.15",
    "_id": "rUe-TZkBIDwfn7_zXrox",
    "_score": null,
    "_source": {
      "input": {
        "type": "log"
      },
      "agent": {
        "ip": "192.168.1.101",
        "name": "DESKTOP-MDNNEJF",
        "id": "001"
      },
      "manager": {
        "name": "ubuntu22"
      },
      "data": {
        "win": {
          "eventdata": {
            "data": "2025-09-15T15:50:00Z, RulesEngine"
          },
          "system": {
            "eventID": "16384",
            "eventSourceName": "Software Protection Platform Service",
            "keywords": "0x80000000000000",
            "providerGuid": "{E23B33B0-C8C9-472C-A5F9-F2BDFEA0F156}",
            "level": "4",
            "channel": "Application",
            "opcode": "0",
            "message": "\"La planification du redémarrage du service de protection logicielle à 2025-09-15T15:50:00Z a réussi. Raison : RulesEngine.\"",
            "version": "0",
            "systemTime": "2025-09-15T14:19:00.4127803Z",
            "eventRecordID": "7534",
            "threadID": "0",
            "computer": "DESKTOP-MDNNEJF",
            "task": "0",
            "processID": "8936",
            "severityValue": "INFORMATION",
            "providerName": "Microsoft-Windows-Security-SPP"
          }
        }
      },
      "rule": {
        "firedtimes": 1,
        "mail": false,
        "level": 3,
        "description": "Software protection service scheduled successfully.",
        "groups": [
          "windows",
          "windows_application"
        ],
        "id": "60642"
      },
      "location": "EventChannel",
      "decoder": {
        "name": "windows_eventchannel"
      },
      "id": "1757945940.790942",
      "timestamp": "2025-09-15T14:19:00.403+0000"
    },
    "fields": {
      "timestamp": [
        "2025-09-15T14:19:00.403Z"
      ]
    },
    "sort": [
      1757945940403
    ]
  },



